#
# A fatal error has been detected by the Java Runtime Environment:
#
#  SIGSEGV (0xb) at pc=0x000000010d856138, pid=2847, tid=10243
#
# JRE version: OpenJDK Runtime Environment (11.0.10) (build 11.0.10+0-b96-7249189)
# Java VM: OpenJDK 64-Bit Server VM (11.0.10+0-b96-7249189, mixed mode, tiered, compressed oops, g1 gc, bsd-aarch64)
# Problematic frame:
# J 130 c2 java.lang.String.hashCode()I java.base@11.0.10 (49 bytes) @ 0x000000010d856138 [0x000000010d8560c0+0x0000000000000078]
#
# No core dump will be written. Core dumps have been disabled. To enable core dumping, try "ulimit -c unlimited" before starting Java again
#
# If you would like to submit a bug report, please visit:
#   https://bugreport.java.com/bugreport/crash.jsp
#

---------------  S U M M A R Y ------------

Command Line: org.jetbrains.git4idea.http.GitAskPassApp Password for 'https://Spikeysanju@github.com': 

Host: Macmini9,1 arm64 1 MHz, 8 cores, 16G, Darwin 21.1.0
Time: Mon Oct 18 06:29:59 2021 IST elapsed time: 0.126542 seconds (0d 0h 0m 0s)

---------------  T H R E A D  ---------------

Current thread (0x000000012d809000):  JavaThread "main" [_thread_in_Java, id=10243, stack(0x000000016f6a8000,0x000000016f8ab000)]

Stack: [0x000000016f6a8000,0x000000016f8ab000],  sp=0x000000016f8a94f0,  free space=2053k
Native frames: (J=compiled Java code, A=aot compiled Java code, j=interpreted, Vv=VM code, C=native code)
J 130 c2 java.lang.String.hashCode()I java.base@11.0.10 (49 bytes) @ 0x000000010d856138 [0x000000010d8560c0+0x0000000000000078]
J 50 c1 java.util.HashMap.get(Ljava/lang/Object;)Ljava/lang/Object; java.base@11.0.10 (23 bytes) @ 0x0000000106329dcc [0x0000000106329c00+0x00000000000001cc]
j  sun.util.locale.LanguageTag.parse(Ljava/lang/String;Lsun/util/locale/ParseStatus;)Lsun/util/locale/LanguageTag;+26 java.base@11.0.10
j  java.util.Locale.forLanguageTag(Ljava/lang/String;)Ljava/util/Locale;+2 java.base@11.0.10
j  sun.util.locale.provider.LocaleProviderAdapter.toLocaleArray(Ljava/util/Set;)[Ljava/util/Locale;+175 java.base@11.0.10
j  sun.util.locale.provider.CalendarDataProviderImpl.getAvailableLocales()[Ljava/util/Locale;+4 java.base@11.0.10
j  java.util.spi.LocaleServiceProvider.isSupportedLocale(Ljava/util/Locale;)Z+6 java.base@11.0.10
j  sun.util.locale.provider.LocaleServiceProviderPool.findProviders(Ljava/util/Locale;Z)Ljava/util/List;+81 java.base@11.0.10
j  sun.util.locale.provider.LocaleServiceProviderPool.getLocalizedObjectImpl(Lsun/util/locale/provider/LocaleServiceProviderPool$LocalizedObjectGetter;Ljava/util/Locale;ZLjava/lang/String;[Ljava/lang/Object;)Ljava/lang/Object;+53 java.base@11.0.10
j  sun.util.locale.provider.LocaleServiceProviderPool.getLocalizedObject(Lsun/util/locale/provider/LocaleServiceProviderPool$LocalizedObjectGetter;Ljava/util/Locale;Ljava/lang/Boolean;Ljava/lang/String;[Ljava/lang/Object;)Ljava/lang/Object;+11 java.base@11.0.10
j  sun.util.locale.provider.CalendarDataUtility.retrieveFirstDayOfWeek(Ljava/util/Locale;)I+280 java.base@11.0.10
j  java.util.Calendar.setWeekCountData(Ljava/util/Locale;)V+24 java.base@11.0.10
j  java.util.Calendar.<init>(Ljava/util/TimeZone;Ljava/util/Locale;)V+55 java.base@11.0.10
j  java.util.GregorianCalendar.<init>(Ljava/util/TimeZone;Ljava/util/Locale;Z)V+3 java.base@11.0.10
j  java.util.Calendar$Builder.build()Ljava/util/Calendar;+249 java.base@11.0.10
j  sun.util.locale.provider.CalendarProviderImpl.getInstance(Ljava/util/TimeZone;Ljava/util/Locale;)Ljava/util/Calendar;+21 java.base@11.0.10
j  java.util.Calendar.createCalendar(Ljava/util/TimeZone;Ljava/util/Locale;)Ljava/util/Calendar;+17 java.base@11.0.10
j  java.util.Calendar.getInstance(Ljava/util/Locale;)Ljava/util/Calendar;+5 java.base@11.0.10
j  java.text.SimpleDateFormat.initializeCalendar(Ljava/util/Locale;)V+27 java.base@11.0.10
j  java.text.SimpleDateFormat.<init>(Ljava/lang/String;Ljava/util/Locale;)V+43 java.base@11.0.10
j  java.text.SimpleDateFormat.<init>(Ljava/lang/String;)V+8 java.base@11.0.10
j  org.apache.xmlrpc.util.DateTool.<init>()V+11
j  org.apache.xmlrpc.DefaultTypeFactory.<clinit>()V+4
v  ~StubRoutines::call_stub
V  [libjvm.dylib+0x33047c]  JavaCalls::call_helper(JavaValue*, methodHandle const&, JavaCallArguments*, Thread*)+0x2e0
V  [libjvm.dylib+0x3173f0]  InstanceKlass::call_class_initializer(Thread*)+0x198
V  [libjvm.dylib+0x316d60]  InstanceKlass::initialize_impl(Thread*)+0x438
V  [libjvm.dylib+0x327f34]  InterpreterRuntime::_new(JavaThread*, ConstantPool*, int)+0x84
j  org.apache.xmlrpc.XmlRpc.createTypeFactory(Ljava/lang/String;)Lorg/apache/xmlrpc/TypeFactory;+94
j  org.apache.xmlrpc.XmlRpc.<init>()V+107
j  org.apache.xmlrpc.XmlRpcClientResponseProcessor.<init>(Ljava/util/TimeZone;)V+1
j  org.apache.xmlrpc.XmlRpcClientWorker.<init>(Ljava/util/TimeZone;)V+14
j  org.apache.xmlrpc.XmlRpcClient.getWorker(Z)Lorg/apache/xmlrpc/XmlRpcClientWorker;+87
j  org.apache.xmlrpc.XmlRpcClient.execute(Lorg/apache/xmlrpc/XmlRpcClientRequest;Lorg/apache/xmlrpc/XmlRpcTransport;)Ljava/lang/Object;+2
j  org.apache.xmlrpc.XmlRpcClient.execute(Lorg/apache/xmlrpc/XmlRpcClientRequest;)Ljava/lang/Object;+6
j  org.apache.xmlrpc.XmlRpcClient.execute(Ljava/lang/String;Ljava/util/Vector;)Ljava/lang/Object;+63
j  org.jetbrains.git4idea.GitAppUtil.sendXmlRequest(Ljava/lang/String;Ljava/lang/String;I[Ljava/lang/Object;)Ljava/lang/Object;+66
j  org.jetbrains.git4idea.http.GitAskPassApp.main([Ljava/lang/String;)V+53
v  ~StubRoutines::call_stub
V  [libjvm.dylib+0x33047c]  JavaCalls::call_helper(JavaValue*, methodHandle const&, JavaCallArguments*, Thread*)+0x2e0
V  [libjvm.dylib+0x37d78c]  jni_invoke_static(JNIEnv_*, JavaValue*, _jobject*, JNICallType, _jmethodID*, JNI_ArgumentPusher*, Thread*)+0x10c
V  [libjvm.dylib+0x380d18]  jni_CallStaticVoidMethod+0x154
C  [libjli.dylib+0x5a20]  JavaMain+0xb34
C  [libsystem_pthread.dylib+0x75a8]  _pthread_start+0x94


siginfo: si_signo: 11 (SIGSEGV), si_code: 2 (SEGV_ACCERR), si_addr: 0x0000000000000010

Register to memory mapping:

 x0=0x0 is NULL
 x1=0x00000006cfa32530 is an oop: java.lang.String 
{0x00000006cfa32530} - klass: 'java/lang/String'
 x2=0x00000006cfa32530 is an oop: java.lang.String 
{0x00000006cfa32530} - klass: 'java/lang/String'
 x3=0x00000001282a1258 is pointing into metadata
 x4=0x000000000000110e is an unknown value
 x5=0x0000000000000005 is an unknown value
 x6=0x00000001285d49c0 is pointing into metadata
 x7=0x0000000000000140 is an unknown value
 x8=0x000000010d8560e0 is at entry_point+32 in (nmethod*)0x000000010d855f10
 x9=0x000000016f895530 is pointing into the stack for thread: 0x000000012d809000
x10=0x0000000000000002 is an unknown value
x11=0x0000000000000004 is an unknown value
x12={method} {0x0000000128006bd0} 'hashCode' '()I' in 'java/lang/String'
x13=0x0000000080000000 is an unknown value
x14=0x0000000009400000 is an unknown value
x15=0x0000000000000005 is an unknown value
x16=0x0000000800001808 is a pointer to class: 
java.lang.String {0x0000000800001808}
x17=0x00000006cfa32530 is an oop: java.lang.String 
{0x00000006cfa32530} - klass: 'java/lang/String'
x18=0x0 is NULL
x19=0x0000000800019628 is a pointer to class: 
java.util.HashMap {0x0000000800019628}
x20=0x000000016f8a95d0 is pointing into the stack for thread: 0x000000012d809000
x21=0x0000000101f662b8: _ZN19TemplateInterpreter13_active_tableE+0 in /Applications/Android Studio.app/Contents/jre/Contents/Home/lib/server/libjvm.dylib at 0x0000000101688000
x22=0x00000001285ea51a is pointing into metadata
x23=0x000000016f8aa2f8 is pointing into the stack for thread: 0x000000012d809000
x24=0x0000000800019638 is pointing into metadata
x25=0x000000000000000a is an unknown value
x26=0x00000001285eccd8 is pointing into metadata
x27=0x0 is NULL
x28=0x000000012d809000 is a thread


Registers:
 x0=0x0000000000000000  x1=0x00000006cfa32530  x2=0x00000006cfa32530  x3=0x00000001282a1258
 x4=0x000000000000110e  x5=0x0000000000000005  x6=0x00000001285d49c0  x7=0x0000000000000140
 x8=0x000000010d8560e0  x9=0x000000016f895530 x10=0x0000000000000002 x11=0x0000000000000004
x12=0x0000000128006bd0 x13=0x0000000080000000 x14=0x0000000009400000 x15=0x0000000000000005
x16=0x0000000800001808 x17=0x00000006cfa32530 x18=0x0000000000000000 x19=0x0000000800019628
x20=0x000000016f8a95d0 x21=0x0000000101f662b8 x22=0x00000001285ea51a x23=0x000000016f8aa2f8
x24=0x0000000800019638 x25=0x000000000000000a x26=0x00000001285eccd8 x27=0x0000000000000000
x28=0x000000012d809000  fp=0x0000000000000000  lr=0x0000000106329dcc  sp=0x000000016f8a94f0
pc=0x000000010d856138 cpsr=0x0000000020001000
Top of Stack: (sp=0x000000016f8a94f0)
0x000000016f8a94f0:   00000006cfa323b0 00000006cfa324f8
0x000000016f8a9500:   000000016f8a9500 0000000128604810
0x000000016f8a9510:   000000016f8a9568 0000000128604b38
0x000000016f8a9520:   000000016f8a9630 0000000106329dcc
0x000000016f8a9530:   000000012864a650 0000000128604838
0x000000016f8a9540:   0000000500000003 00000006cfbb18b8
0x000000016f8a9550:   000000016f8a95c0 0000000105d8af9c
0x000000016f8a9560:   00000006cfa32510 00000006cfa32530
0x000000016f8a9570:   00000006cfb8f310 00000006cfa32530
0x000000016f8a9580:   000000016f8a95d0 0000000128604b38
0x000000016f8a9590:   000000016f8a9630 0000000105d8adc8
0x000000016f8a95a0:   000000012864a4d0 0000000128604780
0x000000016f8a95b0:   0000000000000000 000000016f8a95a0
0x000000016f8a95c0:   000000016f8a9630 0000000105d8af9c
0x000000016f8a95d0:   00000006cfa32530 00000006cfb8f310
0x000000016f8a95e0:   000000016f8a95e0 00000001285ea51a
0x000000016f8a95f0:   000000016f8a9668 00000001285eccd8
0x000000016f8a9600:   00000006cfb8f0b8 0000000000000000
0x000000016f8a9610:   0000000128649e70 00000001285ea640
0x000000016f8a9620:   000000016f8a95d0 000000016f8a9630
0x000000016f8a9630:   000000016f8a96c0 0000000105d8ace0
0x000000016f8a9640:   0000000000000000 0000000000000000
0x000000016f8a9650:   0000000000000000 0000000000000000
0x000000016f8a9660:   00000006cfa324f8 00000006cfbb18b8
0x000000016f8a9670:   000000016f8a9670 00000001282e091a
0x000000016f8a9680:   000000016f8a96f8 00000001282e3148
0x000000016f8a9690:   00000006cfe0c570 0000000000000000
0x000000016f8a96a0:   00000001286499c0 00000001282e09b0
0x000000016f8a96b0:   000000016f8a9660 000000016f8a96d0
0x000000016f8a96c0:   000000016f8a9760 0000000105d8ace0
0x000000016f8a96d0:   0000000128647b48 0000000000000000
0x000000016f8a96e0:   0000000000000000 0000000000000000 

Instructions: (pc=0x000000010d856138)
0x000000010d856038:   00000000 00000400 00000460 00000468
0x000000010d856048:   00000468 00000478 00000020 00000082
0x000000010d856058:   00000004 00000000 00000000 00000000
0x000000010d856068:   00000000 00000000 000001e0 ffffffff
0x000000010d856078:   ffffffff 00000000 a0f8600c 601cb044
0x000000010d856088:   6008600c f8010008 d000fe9c fe90f801
0x000000010d856098:   f801d010 d010fe88 60106010 00000000
0x000000010d8560a8:   00000000 00000000 00000000 00000000
0x000000010d8560b8:   00000000 00000000 b9400828 6b08013f
0x000000010d8560c8:   54000080 f0fc2a68 91120108 d61f0100
0x000000010d8560d8:   d503201f d503201f d503201f d14053e9
0x000000010d8560e8:   f900013f d10103ff a9037bfd b9401020
0x000000010d8560f8:   aa0103f1 35000800 b9400c2b d37df172
0x000000010d856108:   b9400e4f 710001ff 54000809 39c0503d
0x000000010d856118:   510005eb 3500087d 6b0f017f 540007a2
0x000000010d856128:   51000dea 6b0a017f 320103ed 1a8ab1aa
0x000000010d856138:   39404240 320003f0 7100055f 5400046d
0x000000010d856148:   531b680b 4b00016e 5281f402 4b10014b
0x000000010d856158:   6b02017f 1a82b16c 0b100181 d503201f
0x000000010d856168:   d503201f d503201f 8b30c24b 3940416d
0x000000010d856178:   0b0d01cc 531b698d 3940456e 4b0c01ad
0x000000010d856188:   0b0e01ac 531b698d 3940496e 4b0c01ac
0x000000010d856198:   0b0e018d 531b69ae 39404d6b 4b0d01cd
0x000000010d8561a8:   0b0b01a0 531b680b 11001210 4b00016e
0x000000010d8561b8:   6b01021f 54fffdab f940878d b94001bf
0x000000010d8561c8:   6b0a021f 54fffc4b 6b0f021f 5400012a
0x000000010d8561d8:   8b30c24a 3940414b 531b680a 4b00014c
0x000000010d8561e8:   11000610 0b0b0180 6b0f021f 54ffff2b
0x000000010d8561f8:   b9001220 a9437bfd 910103ff f9408788
0x000000010d856208:   b940011f d65f03c0 2a1f03e0 17fffffa
0x000000010d856218:   12801021 a90047f2 b90013ef 96154297
0x000000010d856228:   12801641 f90007f1 96154294 12800121 


Stack slot to memory mapping:
stack at sp + 0 slots: 0x00000006cfa323b0 is an oop: sun.util.locale.BaseLocale 
{0x00000006cfa323b0} - klass: 'sun/util/locale/BaseLocale'
stack at sp + 1 slots: 0x00000006cfa324f8 is an oop: sun.util.locale.ParseStatus 
{0x00000006cfa324f8} - klass: 'sun/util/locale/ParseStatus'
stack at sp + 2 slots: 0x000000016f8a9500 is pointing into the stack for thread: 0x000000012d809000
stack at sp + 3 slots: 0x0000000128604810 is pointing into metadata
stack at sp + 4 slots: 0x000000016f8a9568 is pointing into the stack for thread: 0x000000012d809000
stack at sp + 5 slots: 0x0000000128604b38 is pointing into metadata
stack at sp + 6 slots: 0x000000016f8a9630 is pointing into the stack for thread: 0x000000012d809000
stack at sp + 7 slots: 0x0000000106329dcc is at entry_point+460 in (nmethod*)0x0000000106329a10



---------------  P R O C E S S  ---------------

Threads class SMR info:
_java_thread_list=0x00006000003ea680, length=9, elements={
0x000000012d809000, 0x000000012d0e4800, 0x000000012b837000, 0x000000012d841000,
0x000000012d837800, 0x000000012b83b000, 0x000000012d83e800, 0x000000012d83f800,
0x000000012d13d800
}

Java Threads: ( => current thread )
=>0x000000012d809000 JavaThread "main" [_thread_in_Java, id=10243, stack(0x000000016f6a8000,0x000000016f8ab000)]
  0x000000012d0e4800 JavaThread "Reference Handler" daemon [_thread_blocked, id=13315, stack(0x00000001704fc000,0x00000001706ff000)]
  0x000000012b837000 JavaThread "Finalizer" daemon [_thread_blocked, id=14083, stack(0x0000000170708000,0x000000017090b000)]
  0x000000012d841000 JavaThread "Signal Dispatcher" daemon [_thread_blocked, id=15875, stack(0x0000000170a2c000,0x0000000170c2f000)]
  0x000000012d837800 JavaThread "Service Thread" daemon [_thread_blocked, id=22019, stack(0x0000000170c38000,0x0000000170e3b000)]
  0x000000012b83b000 JavaThread "C2 CompilerThread0" daemon [_thread_blocked, id=22531, stack(0x0000000170e44000,0x0000000171047000)]
  0x000000012d83e800 JavaThread "C1 CompilerThread0" daemon [_thread_blocked, id=42499, stack(0x0000000171050000,0x0000000171253000)]
  0x000000012d83f800 JavaThread "Sweeper thread" daemon [_thread_blocked, id=41987, stack(0x000000017125c000,0x000000017145f000)]
  0x000000012d13d800 JavaThread "Common-Cleaner" daemon [_thread_blocked, id=23811, stack(0x0000000171674000,0x0000000171877000)]

Other Threads:
  0x000000012b819800 VMThread "VM Thread" [stack: 0x00000001702f0000,0x00000001704f3000] [id=12547]
  0x000000012d141000 WatcherThread [stack: 0x0000000171468000,0x000000017166b000] [id=23299]
  0x000000012d80a000 GCTaskThread "GC Thread#0" [stack: 0x000000016f8b4000,0x000000016fab7000] [id=20739]
  0x000000012d040000 ConcurrentGCThread "G1 Main Marker" [stack: 0x000000016fac0000,0x000000016fcc3000] [id=11779]
  0x000000012d041000 ConcurrentGCThread "G1 Conc#0" [stack: 0x000000016fccc000,0x000000016fecf000] [id=19715]
  0x000000012d0e1800 ConcurrentGCThread "G1 Refine#0" [stack: 0x000000016fed8000,0x00000001700db000] [id=19459]
  0x000000012c008800 ConcurrentGCThread "G1 Young RemSet Sampling" [stack: 0x00000001700e4000,0x00000001702e7000] [id=18947]

Threads with active compile tasks:

VM state:not at safepoint (normal execution)

VM Mutex/Monitor currently owned by a thread: None

Heap address: 0x00000006c0000000, size: 4096 MB, Compressed Oops mode: Zero based, Oop shift amount: 3
Narrow klass base: 0x0000000800000000, Narrow klass shift: 0
Compressed class space size: 1073741824 Address: 0x0000000800000000

Heap:
 garbage-first heap   total 262144K, used 5120K [0x00000006c0000000, 0x00000007c0000000)
  region size 1024K, 6 young (6144K), 0 survivors (0K)
 Metaspace       used 7076K, capacity 7140K, committed 7424K, reserved 1056768K
  class space    used 635K, capacity 675K, committed 768K, reserved 1048576K
Heap Regions: E=young(eden), S=young(survivor), O=old, HS=humongous(starts), HC=humongous(continues), CS=collection set, F=free, A=archive, TAMS=top-at-mark-start (previous, next)
|   0|0x00000006c0000000, 0x00000006c0000000, 0x00000006c0100000|  0%| F|  |TAMS 0x00000006c0000000, 0x00000006c0000000| Untracked 
|   1|0x00000006c0100000, 0x00000006c0100000, 0x00000006c0200000|  0%| F|  |TAMS 0x00000006c0100000, 0x00000006c0100000| Untracked 
|   2|0x00000006c0200000, 0x00000006c0200000, 0x00000006c0300000|  0%| F|  |TAMS 0x00000006c0200000, 0x00000006c0200000| Untracked 
|   3|0x00000006c0300000, 0x00000006c0300000, 0x00000006c0400000|  0%| F|  |TAMS 0x00000006c0300000, 0x00000006c0300000| Untracked 
|   4|0x00000006c0400000, 0x00000006c0400000, 0x00000006c0500000|  0%| F|  |TAMS 0x00000006c0400000, 0x00000006c0400000| Untracked 
|   5|0x00000006c0500000, 0x00000006c0500000, 0x00000006c0600000|  0%| F|  |TAMS 0x00000006c0500000, 0x00000006c0500000| Untracked 
|   6|0x00000006c0600000, 0x00000006c0600000, 0x00000006c0700000|  0%| F|  |TAMS 0x00000006c0600000, 0x00000006c0600000| Untracked 
|   7|0x00000006c0700000, 0x00000006c0700000, 0x00000006c0800000|  0%| F|  |TAMS 0x00000006c0700000, 0x00000006c0700000| Untracked 
|   8|0x00000006c0800000, 0x00000006c0800000, 0x00000006c0900000|  0%| F|  |TAMS 0x00000006c0800000, 0x00000006c0800000| Untracked 
|   9|0x00000006c0900000, 0x00000006c0900000, 0x00000006c0a00000|  0%| F|  |TAMS 0x00000006c0900000, 0x00000006c0900000| Untracked 
|  10|0x00000006c0a00000, 0x00000006c0a00000, 0x00000006c0b00000|  0%| F|  |TAMS 0x00000006c0a00000, 0x00000006c0a00000| Untracked 
|  11|0x00000006c0b00000, 0x00000006c0b00000, 0x00000006c0c00000|  0%| F|  |TAMS 0x00000006c0b00000, 0x00000006c0b00000| Untracked 
|  12|0x00000006c0c00000, 0x00000006c0c00000, 0x00000006c0d00000|  0%| F|  |TAMS 0x00000006c0c00000, 0x00000006c0c00000| Untracked 
|  13|0x00000006c0d00000, 0x00000006c0d00000, 0x00000006c0e00000|  0%| F|  |TAMS 0x00000006c0d00000, 0x00000006c0d00000| Untracked 
|  14|0x00000006c0e00000, 0x00000006c0e00000, 0x00000006c0f00000|  0%| F|  |TAMS 0x00000006c0e00000, 0x00000006c0e00000| Untracked 
|  15|0x00000006c0f00000, 0x00000006c0f00000, 0x00000006c1000000|  0%| F|  |TAMS 0x00000006c0f00000, 0x00000006c0f00000| Untracked 
|  16|0x00000006c1000000, 0x00000006c1000000, 0x00000006c1100000|  0%| F|  |TAMS 0x00000006c1000000, 0x00000006c1000000| Untracked 
|  17|0x00000006c1100000, 0x00000006c1100000, 0x00000006c1200000|  0%| F|  |TAMS 0x00000006c1100000, 0x00000006c1100000| Untracked 
|  18|0x00000006c1200000, 0x00000006c1200000, 0x00000006c1300000|  0%| F|  |TAMS 0x00000006c1200000, 0x00000006c1200000| Untracked 
|  19|0x00000006c1300000, 0x00000006c1300000, 0x00000006c1400000|  0%| F|  |TAMS 0x00000006c1300000, 0x00000006c1300000| Untracked 
|  20|0x00000006c1400000, 0x00000006c1400000, 0x00000006c1500000|  0%| F|  |TAMS 0x00000006c1400000, 0x00000006c1400000| Untracked 
|  21|0x00000006c1500000, 0x00000006c1500000, 0x00000006c1600000|  0%| F|  |TAMS 0x00000006c1500000, 0x00000006c1500000| Untracked 
|  22|0x00000006c1600000, 0x00000006c1600000, 0x00000006c1700000|  0%| F|  |TAMS 0x00000006c1600000, 0x00000006c1600000| Untracked 
|  23|0x00000006c1700000, 0x00000006c1700000, 0x00000006c1800000|  0%| F|  |TAMS 0x00000006c1700000, 0x00000006c1700000| Untracked 
|  24|0x00000006c1800000, 0x00000006c1800000, 0x00000006c1900000|  0%| F|  |TAMS 0x00000006c1800000, 0x00000006c1800000| Untracked 
|  25|0x00000006c1900000, 0x00000006c1900000, 0x00000006c1a00000|  0%| F|  |TAMS 0x00000006c1900000, 0x00000006c1900000| Untracked 
|  26|0x00000006c1a00000, 0x00000006c1a00000, 0x00000006c1b00000|  0%| F|  |TAMS 0x00000006c1a00000, 0x00000006c1a00000| Untracked 
|  27|0x00000006c1b00000, 0x00000006c1b00000, 0x00000006c1c00000|  0%| F|  |TAMS 0x00000006c1b00000, 0x00000006c1b00000| Untracked 
|  28|0x00000006c1c00000, 0x00000006c1c00000, 0x00000006c1d00000|  0%| F|  |TAMS 0x00000006c1c00000, 0x00000006c1c00000| Untracked 
|  29|0x00000006c1d00000, 0x00000006c1d00000, 0x00000006c1e00000|  0%| F|  |TAMS 0x00000006c1d00000, 0x00000006c1d00000| Untracked 
|  30|0x00000006c1e00000, 0x00000006c1e00000, 0x00000006c1f00000|  0%| F|  |TAMS 0x00000006c1e00000, 0x00000006c1e00000| Untracked 
|  31|0x00000006c1f00000, 0x00000006c1f00000, 0x00000006c2000000|  0%| F|  |TAMS 0x00000006c1f00000, 0x00000006c1f00000| Untracked 
|  32|0x00000006c2000000, 0x00000006c2000000, 0x00000006c2100000|  0%| F|  |TAMS 0x00000006c2000000, 0x00000006c2000000| Untracked 
|  33|0x00000006c2100000, 0x00000006c2100000, 0x00000006c2200000|  0%| F|  |TAMS 0x00000006c2100000, 0x00000006c2100000| Untracked 
|  34|0x00000006c2200000, 0x00000006c2200000, 0x00000006c2300000|  0%| F|  |TAMS 0x00000006c2200000, 0x00000006c2200000| Untracked 
|  35|0x00000006c2300000, 0x00000006c2300000, 0x00000006c2400000|  0%| F|  |TAMS 0x00000006c2300000, 0x00000006c2300000| Untracked 
|  36|0x00000006c2400000, 0x00000006c2400000, 0x00000006c2500000|  0%| F|  |TAMS 0x00000006c2400000, 0x00000006c2400000| Untracked 
|  37|0x00000006c2500000, 0x00000006c2500000, 0x00000006c2600000|  0%| F|  |TAMS 0x00000006c2500000, 0x00000006c2500000| Untracked 
|  38|0x00000006c2600000, 0x00000006c2600000, 0x00000006c2700000|  0%| F|  |TAMS 0x00000006c2600000, 0x00000006c2600000| Untracked 
|  39|0x00000006c2700000, 0x00000006c2700000, 0x00000006c2800000|  0%| F|  |TAMS 0x00000006c2700000, 0x00000006c2700000| Untracked 
|  40|0x00000006c2800000, 0x00000006c2800000, 0x00000006c2900000|  0%| F|  |TAMS 0x00000006c2800000, 0x00000006c2800000| Untracked 
|  41|0x00000006c2900000, 0x00000006c2900000, 0x00000006c2a00000|  0%| F|  |TAMS 0x00000006c2900000, 0x00000006c2900000| Untracked 
|  42|0x00000006c2a00000, 0x00000006c2a00000, 0x00000006c2b00000|  0%| F|  |TAMS 0x00000006c2a00000, 0x00000006c2a00000| Untracked 
|  43|0x00000006c2b00000, 0x00000006c2b00000, 0x00000006c2c00000|  0%| F|  |TAMS 0x00000006c2b00000, 0x00000006c2b00000| Untracked 
|  44|0x00000006c2c00000, 0x00000006c2c00000, 0x00000006c2d00000|  0%| F|  |TAMS 0x00000006c2c00000, 0x00000006c2c00000| Untracked 
|  45|0x00000006c2d00000, 0x00000006c2d00000, 0x00000006c2e00000|  0%| F|  |TAMS 0x00000006c2d00000, 0x00000006c2d00000| Untracked 
|  46|0x00000006c2e00000, 0x00000006c2e00000, 0x00000006c2f00000|  0%| F|  |TAMS 0x00000006c2e00000, 0x00000006c2e00000| Untracked 
|  47|0x00000006c2f00000, 0x00000006c2f00000, 0x00000006c3000000|  0%| F|  |TAMS 0x00000006c2f00000, 0x00000006c2f00000| Untracked 
|  48|0x00000006c3000000, 0x00000006c3000000, 0x00000006c3100000|  0%| F|  |TAMS 0x00000006c3000000, 0x00000006c3000000| Untracked 
|  49|0x00000006c3100000, 0x00000006c3100000, 0x00000006c3200000|  0%| F|  |TAMS 0x00000006c3100000, 0x00000006c3100000| Untracked 
|  50|0x00000006c3200000, 0x00000006c3200000, 0x00000006c3300000|  0%| F|  |TAMS 0x00000006c3200000, 0x00000006c3200000| Untracked 
|  51|0x00000006c3300000, 0x00000006c3300000, 0x00000006c3400000|  0%| F|  |TAMS 0x00000006c3300000, 0x00000006c3300000| Untracked 
|  52|0x00000006c3400000, 0x00000006c3400000, 0x00000006c3500000|  0%| F|  |TAMS 0x00000006c3400000, 0x00000006c3400000| Untracked 
|  53|0x00000006c3500000, 0x00000006c3500000, 0x00000006c3600000|  0%| F|  |TAMS 0x00000006c3500000, 0x00000006c3500000| Untracked 
|  54|0x00000006c3600000, 0x00000006c3600000, 0x00000006c3700000|  0%| F|  |TAMS 0x00000006c3600000, 0x00000006c3600000| Untracked 
|  55|0x00000006c3700000, 0x00000006c3700000, 0x00000006c3800000|  0%| F|  |TAMS 0x00000006c3700000, 0x00000006c3700000| Untracked 
|  56|0x00000006c3800000, 0x00000006c3800000, 0x00000006c3900000|  0%| F|  |TAMS 0x00000006c3800000, 0x00000006c3800000| Untracked 
|  57|0x00000006c3900000, 0x00000006c3900000, 0x00000006c3a00000|  0%| F|  |TAMS 0x00000006c3900000, 0x00000006c3900000| Untracked 
|  58|0x00000006c3a00000, 0x00000006c3a00000, 0x00000006c3b00000|  0%| F|  |TAMS 0x00000006c3a00000, 0x00000006c3a00000| Untracked 
|  59|0x00000006c3b00000, 0x00000006c3b00000, 0x00000006c3c00000|  0%| F|  |TAMS 0x00000006c3b00000, 0x00000006c3b00000| Untracked 
|  60|0x00000006c3c00000, 0x00000006c3c00000, 0x00000006c3d00000|  0%| F|  |TAMS 0x00000006c3c00000, 0x00000006c3c00000| Untracked 
|  61|0x00000006c3d00000, 0x00000006c3d00000, 0x00000006c3e00000|  0%| F|  |TAMS 0x00000006c3d00000, 0x00000006c3d00000| Untracked 
|  62|0x00000006c3e00000, 0x00000006c3e00000, 0x00000006c3f00000|  0%| F|  |TAMS 0x00000006c3e00000, 0x00000006c3e00000| Untracked 
|  63|0x00000006c3f00000, 0x00000006c3f00000, 0x00000006c4000000|  0%| F|  |TAMS 0x00000006c3f00000, 0x00000006c3f00000| Untracked 
|  64|0x00000006c4000000, 0x00000006c4000000, 0x00000006c4100000|  0%| F|  |TAMS 0x00000006c4000000, 0x00000006c4000000| Untracked 
|  65|0x00000006c4100000, 0x00000006c4100000, 0x00000006c4200000|  0%| F|  |TAMS 0x00000006c4100000, 0x00000006c4100000| Untracked 
|  66|0x00000006c4200000, 0x00000006c4200000, 0x00000006c4300000|  0%| F|  |TAMS 0x00000006c4200000, 0x00000006c4200000| Untracked 
|  67|0x00000006c4300000, 0x00000006c4300000, 0x00000006c4400000|  0%| F|  |TAMS 0x00000006c4300000, 0x00000006c4300000| Untracked 
|  68|0x00000006c4400000, 0x00000006c4400000, 0x00000006c4500000|  0%| F|  |TAMS 0x00000006c4400000, 0x00000006c4400000| Untracked 
|  69|0x00000006c4500000, 0x00000006c4500000, 0x00000006c4600000|  0%| F|  |TAMS 0x00000006c4500000, 0x00000006c4500000| Untracked 
|  70|0x00000006c4600000, 0x00000006c4600000, 0x00000006c4700000|  0%| F|  |TAMS 0x00000006c4600000, 0x00000006c4600000| Untracked 
|  71|0x00000006c4700000, 0x00000006c4700000, 0x00000006c4800000|  0%| F|  |TAMS 0x00000006c4700000, 0x00000006c4700000| Untracked 
|  72|0x00000006c4800000, 0x00000006c4800000, 0x00000006c4900000|  0%| F|  |TAMS 0x00000006c4800000, 0x00000006c4800000| Untracked 
|  73|0x00000006c4900000, 0x00000006c4900000, 0x00000006c4a00000|  0%| F|  |TAMS 0x00000006c4900000, 0x00000006c4900000| Untracked 
|  74|0x00000006c4a00000, 0x00000006c4a00000, 0x00000006c4b00000|  0%| F|  |TAMS 0x00000006c4a00000, 0x00000006c4a00000| Untracked 
|  75|0x00000006c4b00000, 0x00000006c4b00000, 0x00000006c4c00000|  0%| F|  |TAMS 0x00000006c4b00000, 0x00000006c4b00000| Untracked 
|  76|0x00000006c4c00000, 0x00000006c4c00000, 0x00000006c4d00000|  0%| F|  |TAMS 0x00000006c4c00000, 0x00000006c4c00000| Untracked 
|  77|0x00000006c4d00000, 0x00000006c4d00000, 0x00000006c4e00000|  0%| F|  |TAMS 0x00000006c4d00000, 0x00000006c4d00000| Untracked 
|  78|0x00000006c4e00000, 0x00000006c4e00000, 0x00000006c4f00000|  0%| F|  |TAMS 0x00000006c4e00000, 0x00000006c4e00000| Untracked 
|  79|0x00000006c4f00000, 0x00000006c4f00000, 0x00000006c5000000|  0%| F|  |TAMS 0x00000006c4f00000, 0x00000006c4f00000| Untracked 
|  80|0x00000006c5000000, 0x00000006c5000000, 0x00000006c5100000|  0%| F|  |TAMS 0x00000006c5000000, 0x00000006c5000000| Untracked 
|  81|0x00000006c5100000, 0x00000006c5100000, 0x00000006c5200000|  0%| F|  |TAMS 0x00000006c5100000, 0x00000006c5100000| Untracked 
|  82|0x00000006c5200000, 0x00000006c5200000, 0x00000006c5300000|  0%| F|  |TAMS 0x00000006c5200000, 0x00000006c5200000| Untracked 
|  83|0x00000006c5300000, 0x00000006c5300000, 0x00000006c5400000|  0%| F|  |TAMS 0x00000006c5300000, 0x00000006c5300000| Untracked 
|  84|0x00000006c5400000, 0x00000006c5400000, 0x00000006c5500000|  0%| F|  |TAMS 0x00000006c5400000, 0x00000006c5400000| Untracked 
|  85|0x00000006c5500000, 0x00000006c5500000, 0x00000006c5600000|  0%| F|  |TAMS 0x00000006c5500000, 0x00000006c5500000| Untracked 
|  86|0x00000006c5600000, 0x00000006c5600000, 0x00000006c5700000|  0%| F|  |TAMS 0x00000006c5600000, 0x00000006c5600000| Untracked 
|  87|0x00000006c5700000, 0x00000006c5700000, 0x00000006c5800000|  0%| F|  |TAMS 0x00000006c5700000, 0x00000006c5700000| Untracked 
|  88|0x00000006c5800000, 0x00000006c5800000, 0x00000006c5900000|  0%| F|  |TAMS 0x00000006c5800000, 0x00000006c5800000| Untracked 
|  89|0x00000006c5900000, 0x00000006c5900000, 0x00000006c5a00000|  0%| F|  |TAMS 0x00000006c5900000, 0x00000006c5900000| Untracked 
|  90|0x00000006c5a00000, 0x00000006c5a00000, 0x00000006c5b00000|  0%| F|  |TAMS 0x00000006c5a00000, 0x00000006c5a00000| Untracked 
|  91|0x00000006c5b00000, 0x00000006c5b00000, 0x00000006c5c00000|  0%| F|  |TAMS 0x00000006c5b00000, 0x00000006c5b00000| Untracked 
|  92|0x00000006c5c00000, 0x00000006c5c00000, 0x00000006c5d00000|  0%| F|  |TAMS 0x00000006c5c00000, 0x00000006c5c00000| Untracked 
|  93|0x00000006c5d00000, 0x00000006c5d00000, 0x00000006c5e00000|  0%| F|  |TAMS 0x00000006c5d00000, 0x00000006c5d00000| Untracked 
|  94|0x00000006c5e00000, 0x00000006c5e00000, 0x00000006c5f00000|  0%| F|  |TAMS 0x00000006c5e00000, 0x00000006c5e00000| Untracked 
|  95|0x00000006c5f00000, 0x00000006c5f00000, 0x00000006c6000000|  0%| F|  |TAMS 0x00000006c5f00000, 0x00000006c5f00000| Untracked 
|  96|0x00000006c6000000, 0x00000006c6000000, 0x00000006c6100000|  0%| F|  |TAMS 0x00000006c6000000, 0x00000006c6000000| Untracked 
|  97|0x00000006c6100000, 0x00000006c6100000, 0x00000006c6200000|  0%| F|  |TAMS 0x00000006c6100000, 0x00000006c6100000| Untracked 
|  98|0x00000006c6200000, 0x00000006c6200000, 0x00000006c6300000|  0%| F|  |TAMS 0x00000006c6200000, 0x00000006c6200000| Untracked 
|  99|0x00000006c6300000, 0x00000006c6300000, 0x00000006c6400000|  0%| F|  |TAMS 0x00000006c6300000, 0x00000006c6300000| Untracked 
| 100|0x00000006c6400000, 0x00000006c6400000, 0x00000006c6500000|  0%| F|  |TAMS 0x00000006c6400000, 0x00000006c6400000| Untracked 
| 101|0x00000006c6500000, 0x00000006c6500000, 0x00000006c6600000|  0%| F|  |TAMS 0x00000006c6500000, 0x00000006c6500000| Untracked 
| 102|0x00000006c6600000, 0x00000006c6600000, 0x00000006c6700000|  0%| F|  |TAMS 0x00000006c6600000, 0x00000006c6600000| Untracked 
| 103|0x00000006c6700000, 0x00000006c6700000, 0x00000006c6800000|  0%| F|  |TAMS 0x00000006c6700000, 0x00000006c6700000| Untracked 
| 104|0x00000006c6800000, 0x00000006c6800000, 0x00000006c6900000|  0%| F|  |TAMS 0x00000006c6800000, 0x00000006c6800000| Untracked 
| 105|0x00000006c6900000, 0x00000006c6900000, 0x00000006c6a00000|  0%| F|  |TAMS 0x00000006c6900000, 0x00000006c6900000| Untracked 
| 106|0x00000006c6a00000, 0x00000006c6a00000, 0x00000006c6b00000|  0%| F|  |TAMS 0x00000006c6a00000, 0x00000006c6a00000| Untracked 
| 107|0x00000006c6b00000, 0x00000006c6b00000, 0x00000006c6c00000|  0%| F|  |TAMS 0x00000006c6b00000, 0x00000006c6b00000| Untracked 
| 108|0x00000006c6c00000, 0x00000006c6c00000, 0x00000006c6d00000|  0%| F|  |TAMS 0x00000006c6c00000, 0x00000006c6c00000| Untracked 
| 109|0x00000006c6d00000, 0x00000006c6d00000, 0x00000006c6e00000|  0%| F|  |TAMS 0x00000006c6d00000, 0x00000006c6d00000| Untracked 
| 110|0x00000006c6e00000, 0x00000006c6e00000, 0x00000006c6f00000|  0%| F|  |TAMS 0x00000006c6e00000, 0x00000006c6e00000| Untracked 
| 111|0x00000006c6f00000, 0x00000006c6f00000, 0x00000006c7000000|  0%| F|  |TAMS 0x00000006c6f00000, 0x00000006c6f00000| Untracked 
| 112|0x00000006c7000000, 0x00000006c7000000, 0x00000006c7100000|  0%| F|  |TAMS 0x00000006c7000000, 0x00000006c7000000| Untracked 
| 113|0x00000006c7100000, 0x00000006c7100000, 0x00000006c7200000|  0%| F|  |TAMS 0x00000006c7100000, 0x00000006c7100000| Untracked 
| 114|0x00000006c7200000, 0x00000006c7200000, 0x00000006c7300000|  0%| F|  |TAMS 0x00000006c7200000, 0x00000006c7200000| Untracked 
| 115|0x00000006c7300000, 0x00000006c7300000, 0x00000006c7400000|  0%| F|  |TAMS 0x00000006c7300000, 0x00000006c7300000| Untracked 
| 116|0x00000006c7400000, 0x00000006c7400000, 0x00000006c7500000|  0%| F|  |TAMS 0x00000006c7400000, 0x00000006c7400000| Untracked 
| 117|0x00000006c7500000, 0x00000006c7500000, 0x00000006c7600000|  0%| F|  |TAMS 0x00000006c7500000, 0x00000006c7500000| Untracked 
| 118|0x00000006c7600000, 0x00000006c7600000, 0x00000006c7700000|  0%| F|  |TAMS 0x00000006c7600000, 0x00000006c7600000| Untracked 
| 119|0x00000006c7700000, 0x00000006c7700000, 0x00000006c7800000|  0%| F|  |TAMS 0x00000006c7700000, 0x00000006c7700000| Untracked 
| 120|0x00000006c7800000, 0x00000006c7800000, 0x00000006c7900000|  0%| F|  |TAMS 0x00000006c7800000, 0x00000006c7800000| Untracked 
| 121|0x00000006c7900000, 0x00000006c7900000, 0x00000006c7a00000|  0%| F|  |TAMS 0x00000006c7900000, 0x00000006c7900000| Untracked 
| 122|0x00000006c7a00000, 0x00000006c7a00000, 0x00000006c7b00000|  0%| F|  |TAMS 0x00000006c7a00000, 0x00000006c7a00000| Untracked 
| 123|0x00000006c7b00000, 0x00000006c7b00000, 0x00000006c7c00000|  0%| F|  |TAMS 0x00000006c7b00000, 0x00000006c7b00000| Untracked 
| 124|0x00000006c7c00000, 0x00000006c7c00000, 0x00000006c7d00000|  0%| F|  |TAMS 0x00000006c7c00000, 0x00000006c7c00000| Untracked 
| 125|0x00000006c7d00000, 0x00000006c7d00000, 0x00000006c7e00000|  0%| F|  |TAMS 0x00000006c7d00000, 0x00000006c7d00000| Untracked 
| 126|0x00000006c7e00000, 0x00000006c7e00000, 0x00000006c7f00000|  0%| F|  |TAMS 0x00000006c7e00000, 0x00000006c7e00000| Untracked 
| 127|0x00000006c7f00000, 0x00000006c7f00000, 0x00000006c8000000|  0%| F|  |TAMS 0x00000006c7f00000, 0x00000006c7f00000| Untracked 
| 128|0x00000006c8000000, 0x00000006c8000000, 0x00000006c8100000|  0%| F|  |TAMS 0x00000006c8000000, 0x00000006c8000000| Untracked 
| 129|0x00000006c8100000, 0x00000006c8100000, 0x00000006c8200000|  0%| F|  |TAMS 0x00000006c8100000, 0x00000006c8100000| Untracked 
| 130|0x00000006c8200000, 0x00000006c8200000, 0x00000006c8300000|  0%| F|  |TAMS 0x00000006c8200000, 0x00000006c8200000| Untracked 
| 131|0x00000006c8300000, 0x00000006c8300000, 0x00000006c8400000|  0%| F|  |TAMS 0x00000006c8300000, 0x00000006c8300000| Untracked 
| 132|0x00000006c8400000, 0x00000006c8400000, 0x00000006c8500000|  0%| F|  |TAMS 0x00000006c8400000, 0x00000006c8400000| Untracked 
| 133|0x00000006c8500000, 0x00000006c8500000, 0x00000006c8600000|  0%| F|  |TAMS 0x00000006c8500000, 0x00000006c8500000| Untracked 
| 134|0x00000006c8600000, 0x00000006c8600000, 0x00000006c8700000|  0%| F|  |TAMS 0x00000006c8600000, 0x00000006c8600000| Untracked 
| 135|0x00000006c8700000, 0x00000006c8700000, 0x00000006c8800000|  0%| F|  |TAMS 0x00000006c8700000, 0x00000006c8700000| Untracked 
| 136|0x00000006c8800000, 0x00000006c8800000, 0x00000006c8900000|  0%| F|  |TAMS 0x00000006c8800000, 0x00000006c8800000| Untracked 
| 137|0x00000006c8900000, 0x00000006c8900000, 0x00000006c8a00000|  0%| F|  |TAMS 0x00000006c8900000, 0x00000006c8900000| Untracked 
| 138|0x00000006c8a00000, 0x00000006c8a00000, 0x00000006c8b00000|  0%| F|  |TAMS 0x00000006c8a00000, 0x00000006c8a00000| Untracked 
| 139|0x00000006c8b00000, 0x00000006c8b00000, 0x00000006c8c00000|  0%| F|  |TAMS 0x00000006c8b00000, 0x00000006c8b00000| Untracked 
| 140|0x00000006c8c00000, 0x00000006c8c00000, 0x00000006c8d00000|  0%| F|  |TAMS 0x00000006c8c00000, 0x00000006c8c00000| Untracked 
| 141|0x00000006c8d00000, 0x00000006c8d00000, 0x00000006c8e00000|  0%| F|  |TAMS 0x00000006c8d00000, 0x00000006c8d00000| Untracked 
| 142|0x00000006c8e00000, 0x00000006c8e00000, 0x00000006c8f00000|  0%| F|  |TAMS 0x00000006c8e00000, 0x00000006c8e00000| Untracked 
| 143|0x00000006c8f00000, 0x00000006c8f00000, 0x00000006c9000000|  0%| F|  |TAMS 0x00000006c8f00000, 0x00000006c8f00000| Untracked 
| 144|0x00000006c9000000, 0x00000006c9000000, 0x00000006c9100000|  0%| F|  |TAMS 0x00000006c9000000, 0x00000006c9000000| Untracked 
| 145|0x00000006c9100000, 0x00000006c9100000, 0x00000006c9200000|  0%| F|  |TAMS 0x00000006c9100000, 0x00000006c9100000| Untracked 
| 146|0x00000006c9200000, 0x00000006c9200000, 0x00000006c9300000|  0%| F|  |TAMS 0x00000006c9200000, 0x00000006c9200000| Untracked 
| 147|0x00000006c9300000, 0x00000006c9300000, 0x00000006c9400000|  0%| F|  |TAMS 0x00000006c9300000, 0x00000006c9300000| Untracked 
| 148|0x00000006c9400000, 0x00000006c9400000, 0x00000006c9500000|  0%| F|  |TAMS 0x00000006c9400000, 0x00000006c9400000| Untracked 
| 149|0x00000006c9500000, 0x00000006c9500000, 0x00000006c9600000|  0%| F|  |TAMS 0x00000006c9500000, 0x00000006c9500000| Untracked 
| 150|0x00000006c9600000, 0x00000006c9600000, 0x00000006c9700000|  0%| F|  |TAMS 0x00000006c9600000, 0x00000006c9600000| Untracked 
| 151|0x00000006c9700000, 0x00000006c9700000, 0x00000006c9800000|  0%| F|  |TAMS 0x00000006c9700000, 0x00000006c9700000| Untracked 
| 152|0x00000006c9800000, 0x00000006c9800000, 0x00000006c9900000|  0%| F|  |TAMS 0x00000006c9800000, 0x00000006c9800000| Untracked 
| 153|0x00000006c9900000, 0x00000006c9900000, 0x00000006c9a00000|  0%| F|  |TAMS 0x00000006c9900000, 0x00000006c9900000| Untracked 
| 154|0x00000006c9a00000, 0x00000006c9a00000, 0x00000006c9b00000|  0%| F|  |TAMS 0x00000006c9a00000, 0x00000006c9a00000| Untracked 
| 155|0x00000006c9b00000, 0x00000006c9b00000, 0x00000006c9c00000|  0%| F|  |TAMS 0x00000006c9b00000, 0x00000006c9b00000| Untracked 
| 156|0x00000006c9c00000, 0x00000006c9c00000, 0x00000006c9d00000|  0%| F|  |TAMS 0x00000006c9c00000, 0x00000006c9c00000| Untracked 
| 157|0x00000006c9d00000, 0x00000006c9d00000, 0x00000006c9e00000|  0%| F|  |TAMS 0x00000006c9d00000, 0x00000006c9d00000| Untracked 
| 158|0x00000006c9e00000, 0x00000006c9e00000, 0x00000006c9f00000|  0%| F|  |TAMS 0x00000006c9e00000, 0x00000006c9e00000| Untracked 
| 159|0x00000006c9f00000, 0x00000006c9f00000, 0x00000006ca000000|  0%| F|  |TAMS 0x00000006c9f00000, 0x00000006c9f00000| Untracked 
| 160|0x00000006ca000000, 0x00000006ca000000, 0x00000006ca100000|  0%| F|  |TAMS 0x00000006ca000000, 0x00000006ca000000| Untracked 
| 161|0x00000006ca100000, 0x00000006ca100000, 0x00000006ca200000|  0%| F|  |TAMS 0x00000006ca100000, 0x00000006ca100000| Untracked 
| 162|0x00000006ca200000, 0x00000006ca200000, 0x00000006ca300000|  0%| F|  |TAMS 0x00000006ca200000, 0x00000006ca200000| Untracked 
| 163|0x00000006ca300000, 0x00000006ca300000, 0x00000006ca400000|  0%| F|  |TAMS 0x00000006ca300000, 0x00000006ca300000| Untracked 
| 164|0x00000006ca400000, 0x00000006ca400000, 0x00000006ca500000|  0%| F|  |TAMS 0x00000006ca400000, 0x00000006ca400000| Untracked 
| 165|0x00000006ca500000, 0x00000006ca500000, 0x00000006ca600000|  0%| F|  |TAMS 0x00000006ca500000, 0x00000006ca500000| Untracked 
| 166|0x00000006ca600000, 0x00000006ca600000, 0x00000006ca700000|  0%| F|  |TAMS 0x00000006ca600000, 0x00000006ca600000| Untracked 
| 167|0x00000006ca700000, 0x00000006ca700000, 0x00000006ca800000|  0%| F|  |TAMS 0x00000006ca700000, 0x00000006ca700000| Untracked 
| 168|0x00000006ca800000, 0x00000006ca800000, 0x00000006ca900000|  0%| F|  |TAMS 0x00000006ca800000, 0x00000006ca800000| Untracked 
| 169|0x00000006ca900000, 0x00000006ca900000, 0x00000006caa00000|  0%| F|  |TAMS 0x00000006ca900000, 0x00000006ca900000| Untracked 
| 170|0x00000006caa00000, 0x00000006caa00000, 0x00000006cab00000|  0%| F|  |TAMS 0x00000006caa00000, 0x00000006caa00000| Untracked 
| 171|0x00000006cab00000, 0x00000006cab00000, 0x00000006cac00000|  0%| F|  |TAMS 0x00000006cab00000, 0x00000006cab00000| Untracked 
| 172|0x00000006cac00000, 0x00000006cac00000, 0x00000006cad00000|  0%| F|  |TAMS 0x00000006cac00000, 0x00000006cac00000| Untracked 
| 173|0x00000006cad00000, 0x00000006cad00000, 0x00000006cae00000|  0%| F|  |TAMS 0x00000006cad00000, 0x00000006cad00000| Untracked 
| 174|0x00000006cae00000, 0x00000006cae00000, 0x00000006caf00000|  0%| F|  |TAMS 0x00000006cae00000, 0x00000006cae00000| Untracked 
| 175|0x00000006caf00000, 0x00000006caf00000, 0x00000006cb000000|  0%| F|  |TAMS 0x00000006caf00000, 0x00000006caf00000| Untracked 
| 176|0x00000006cb000000, 0x00000006cb000000, 0x00000006cb100000|  0%| F|  |TAMS 0x00000006cb000000, 0x00000006cb000000| Untracked 
| 177|0x00000006cb100000, 0x00000006cb100000, 0x00000006cb200000|  0%| F|  |TAMS 0x00000006cb100000, 0x00000006cb100000| Untracked 
| 178|0x00000006cb200000, 0x00000006cb200000, 0x00000006cb300000|  0%| F|  |TAMS 0x00000006cb200000, 0x00000006cb200000| Untracked 
| 179|0x00000006cb300000, 0x00000006cb300000, 0x00000006cb400000|  0%| F|  |TAMS 0x00000006cb300000, 0x00000006cb300000| Untracked 
| 180|0x00000006cb400000, 0x00000006cb400000, 0x00000006cb500000|  0%| F|  |TAMS 0x00000006cb400000, 0x00000006cb400000| Untracked 
| 181|0x00000006cb500000, 0x00000006cb500000, 0x00000006cb600000|  0%| F|  |TAMS 0x00000006cb500000, 0x00000006cb500000| Untracked 
| 182|0x00000006cb600000, 0x00000006cb600000, 0x00000006cb700000|  0%| F|  |TAMS 0x00000006cb600000, 0x00000006cb600000| Untracked 
| 183|0x00000006cb700000, 0x00000006cb700000, 0x00000006cb800000|  0%| F|  |TAMS 0x00000006cb700000, 0x00000006cb700000| Untracked 
| 184|0x00000006cb800000, 0x00000006cb800000, 0x00000006cb900000|  0%| F|  |TAMS 0x00000006cb800000, 0x00000006cb800000| Untracked 
| 185|0x00000006cb900000, 0x00000006cb900000, 0x00000006cba00000|  0%| F|  |TAMS 0x00000006cb900000, 0x00000006cb900000| Untracked 
| 186|0x00000006cba00000, 0x00000006cba00000, 0x00000006cbb00000|  0%| F|  |TAMS 0x00000006cba00000, 0x00000006cba00000| Untracked 
| 187|0x00000006cbb00000, 0x00000006cbb00000, 0x00000006cbc00000|  0%| F|  |TAMS 0x00000006cbb00000, 0x00000006cbb00000| Untracked 
| 188|0x00000006cbc00000, 0x00000006cbc00000, 0x00000006cbd00000|  0%| F|  |TAMS 0x00000006cbc00000, 0x00000006cbc00000| Untracked 
| 189|0x00000006cbd00000, 0x00000006cbd00000, 0x00000006cbe00000|  0%| F|  |TAMS 0x00000006cbd00000, 0x00000006cbd00000| Untracked 
| 190|0x00000006cbe00000, 0x00000006cbe00000, 0x00000006cbf00000|  0%| F|  |TAMS 0x00000006cbe00000, 0x00000006cbe00000| Untracked 
| 191|0x00000006cbf00000, 0x00000006cbf00000, 0x00000006cc000000|  0%| F|  |TAMS 0x00000006cbf00000, 0x00000006cbf00000| Untracked 
| 192|0x00000006cc000000, 0x00000006cc000000, 0x00000006cc100000|  0%| F|  |TAMS 0x00000006cc000000, 0x00000006cc000000| Untracked 
| 193|0x00000006cc100000, 0x00000006cc100000, 0x00000006cc200000|  0%| F|  |TAMS 0x00000006cc100000, 0x00000006cc100000| Untracked 
| 194|0x00000006cc200000, 0x00000006cc200000, 0x00000006cc300000|  0%| F|  |TAMS 0x00000006cc200000, 0x00000006cc200000| Untracked 
| 195|0x00000006cc300000, 0x00000006cc300000, 0x00000006cc400000|  0%| F|  |TAMS 0x00000006cc300000, 0x00000006cc300000| Untracked 
| 196|0x00000006cc400000, 0x00000006cc400000, 0x00000006cc500000|  0%| F|  |TAMS 0x00000006cc400000, 0x00000006cc400000| Untracked 
| 197|0x00000006cc500000, 0x00000006cc500000, 0x00000006cc600000|  0%| F|  |TAMS 0x00000006cc500000, 0x00000006cc500000| Untracked 
| 198|0x00000006cc600000, 0x00000006cc600000, 0x00000006cc700000|  0%| F|  |TAMS 0x00000006cc600000, 0x00000006cc600000| Untracked 
| 199|0x00000006cc700000, 0x00000006cc700000, 0x00000006cc800000|  0%| F|  |TAMS 0x00000006cc700000, 0x00000006cc700000| Untracked 
| 200|0x00000006cc800000, 0x00000006cc800000, 0x00000006cc900000|  0%| F|  |TAMS 0x00000006cc800000, 0x00000006cc800000| Untracked 
| 201|0x00000006cc900000, 0x00000006cc900000, 0x00000006cca00000|  0%| F|  |TAMS 0x00000006cc900000, 0x00000006cc900000| Untracked 
| 202|0x00000006cca00000, 0x00000006cca00000, 0x00000006ccb00000|  0%| F|  |TAMS 0x00000006cca00000, 0x00000006cca00000| Untracked 
| 203|0x00000006ccb00000, 0x00000006ccb00000, 0x00000006ccc00000|  0%| F|  |TAMS 0x00000006ccb00000, 0x00000006ccb00000| Untracked 
| 204|0x00000006ccc00000, 0x00000006ccc00000, 0x00000006ccd00000|  0%| F|  |TAMS 0x00000006ccc00000, 0x00000006ccc00000| Untracked 
| 205|0x00000006ccd00000, 0x00000006ccd00000, 0x00000006cce00000|  0%| F|  |TAMS 0x00000006ccd00000, 0x00000006ccd00000| Untracked 
| 206|0x00000006cce00000, 0x00000006cce00000, 0x00000006ccf00000|  0%| F|  |TAMS 0x00000006cce00000, 0x00000006cce00000| Untracked 
| 207|0x00000006ccf00000, 0x00000006ccf00000, 0x00000006cd000000|  0%| F|  |TAMS 0x00000006ccf00000, 0x00000006ccf00000| Untracked 
| 208|0x00000006cd000000, 0x00000006cd000000, 0x00000006cd100000|  0%| F|  |TAMS 0x00000006cd000000, 0x00000006cd000000| Untracked 
| 209|0x00000006cd100000, 0x00000006cd100000, 0x00000006cd200000|  0%| F|  |TAMS 0x00000006cd100000, 0x00000006cd100000| Untracked 
| 210|0x00000006cd200000, 0x00000006cd200000, 0x00000006cd300000|  0%| F|  |TAMS 0x00000006cd200000, 0x00000006cd200000| Untracked 
| 211|0x00000006cd300000, 0x00000006cd300000, 0x00000006cd400000|  0%| F|  |TAMS 0x00000006cd300000, 0x00000006cd300000| Untracked 
| 212|0x00000006cd400000, 0x00000006cd400000, 0x00000006cd500000|  0%| F|  |TAMS 0x00000006cd400000, 0x00000006cd400000| Untracked 
| 213|0x00000006cd500000, 0x00000006cd500000, 0x00000006cd600000|  0%| F|  |TAMS 0x00000006cd500000, 0x00000006cd500000| Untracked 
| 214|0x00000006cd600000, 0x00000006cd600000, 0x00000006cd700000|  0%| F|  |TAMS 0x00000006cd600000, 0x00000006cd600000| Untracked 
| 215|0x00000006cd700000, 0x00000006cd700000, 0x00000006cd800000|  0%| F|  |TAMS 0x00000006cd700000, 0x00000006cd700000| Untracked 
| 216|0x00000006cd800000, 0x00000006cd800000, 0x00000006cd900000|  0%| F|  |TAMS 0x00000006cd800000, 0x00000006cd800000| Untracked 
| 217|0x00000006cd900000, 0x00000006cd900000, 0x00000006cda00000|  0%| F|  |TAMS 0x00000006cd900000, 0x00000006cd900000| Untracked 
| 218|0x00000006cda00000, 0x00000006cda00000, 0x00000006cdb00000|  0%| F|  |TAMS 0x00000006cda00000, 0x00000006cda00000| Untracked 
| 219|0x00000006cdb00000, 0x00000006cdb00000, 0x00000006cdc00000|  0%| F|  |TAMS 0x00000006cdb00000, 0x00000006cdb00000| Untracked 
| 220|0x00000006cdc00000, 0x00000006cdc00000, 0x00000006cdd00000|  0%| F|  |TAMS 0x00000006cdc00000, 0x00000006cdc00000| Untracked 
| 221|0x00000006cdd00000, 0x00000006cdd00000, 0x00000006cde00000|  0%| F|  |TAMS 0x00000006cdd00000, 0x00000006cdd00000| Untracked 
| 222|0x00000006cde00000, 0x00000006cde00000, 0x00000006cdf00000|  0%| F|  |TAMS 0x00000006cde00000, 0x00000006cde00000| Untracked 
| 223|0x00000006cdf00000, 0x00000006cdf00000, 0x00000006ce000000|  0%| F|  |TAMS 0x00000006cdf00000, 0x00000006cdf00000| Untracked 
| 224|0x00000006ce000000, 0x00000006ce000000, 0x00000006ce100000|  0%| F|  |TAMS 0x00000006ce000000, 0x00000006ce000000| Untracked 
| 225|0x00000006ce100000, 0x00000006ce100000, 0x00000006ce200000|  0%| F|  |TAMS 0x00000006ce100000, 0x00000006ce100000| Untracked 
| 226|0x00000006ce200000, 0x00000006ce200000, 0x00000006ce300000|  0%| F|  |TAMS 0x00000006ce200000, 0x00000006ce200000| Untracked 
| 227|0x00000006ce300000, 0x00000006ce300000, 0x00000006ce400000|  0%| F|  |TAMS 0x00000006ce300000, 0x00000006ce300000| Untracked 
| 228|0x00000006ce400000, 0x00000006ce400000, 0x00000006ce500000|  0%| F|  |TAMS 0x00000006ce400000, 0x00000006ce400000| Untracked 
| 229|0x00000006ce500000, 0x00000006ce500000, 0x00000006ce600000|  0%| F|  |TAMS 0x00000006ce500000, 0x00000006ce500000| Untracked 
| 230|0x00000006ce600000, 0x00000006ce600000, 0x00000006ce700000|  0%| F|  |TAMS 0x00000006ce600000, 0x00000006ce600000| Untracked 
| 231|0x00000006ce700000, 0x00000006ce700000, 0x00000006ce800000|  0%| F|  |TAMS 0x00000006ce700000, 0x00000006ce700000| Untracked 
| 232|0x00000006ce800000, 0x00000006ce800000, 0x00000006ce900000|  0%| F|  |TAMS 0x00000006ce800000, 0x00000006ce800000| Untracked 
| 233|0x00000006ce900000, 0x00000006ce900000, 0x00000006cea00000|  0%| F|  |TAMS 0x00000006ce900000, 0x00000006ce900000| Untracked 
| 234|0x00000006cea00000, 0x00000006cea00000, 0x00000006ceb00000|  0%| F|  |TAMS 0x00000006cea00000, 0x00000006cea00000| Untracked 
| 235|0x00000006ceb00000, 0x00000006ceb00000, 0x00000006cec00000|  0%| F|  |TAMS 0x00000006ceb00000, 0x00000006ceb00000| Untracked 
| 236|0x00000006cec00000, 0x00000006cec00000, 0x00000006ced00000|  0%| F|  |TAMS 0x00000006cec00000, 0x00000006cec00000| Untracked 
| 237|0x00000006ced00000, 0x00000006ced00000, 0x00000006cee00000|  0%| F|  |TAMS 0x00000006ced00000, 0x00000006ced00000| Untracked 
| 238|0x00000006cee00000, 0x00000006cee00000, 0x00000006cef00000|  0%| F|  |TAMS 0x00000006cee00000, 0x00000006cee00000| Untracked 
| 239|0x00000006cef00000, 0x00000006cef00000, 0x00000006cf000000|  0%| F|  |TAMS 0x00000006cef00000, 0x00000006cef00000| Untracked 
| 240|0x00000006cf000000, 0x00000006cf000000, 0x00000006cf100000|  0%| F|  |TAMS 0x00000006cf000000, 0x00000006cf000000| Untracked 
| 241|0x00000006cf100000, 0x00000006cf100000, 0x00000006cf200000|  0%| F|  |TAMS 0x00000006cf100000, 0x00000006cf100000| Untracked 
| 242|0x00000006cf200000, 0x00000006cf200000, 0x00000006cf300000|  0%| F|  |TAMS 0x00000006cf200000, 0x00000006cf200000| Untracked 
| 243|0x00000006cf300000, 0x00000006cf300000, 0x00000006cf400000|  0%| F|  |TAMS 0x00000006cf300000, 0x00000006cf300000| Untracked 
| 244|0x00000006cf400000, 0x00000006cf400000, 0x00000006cf500000|  0%| F|  |TAMS 0x00000006cf400000, 0x00000006cf400000| Untracked 
| 245|0x00000006cf500000, 0x00000006cf500000, 0x00000006cf600000|  0%| F|  |TAMS 0x00000006cf500000, 0x00000006cf500000| Untracked 
| 246|0x00000006cf600000, 0x00000006cf600000, 0x00000006cf700000|  0%| F|  |TAMS 0x00000006cf600000, 0x00000006cf600000| Untracked 
| 247|0x00000006cf700000, 0x00000006cf700000, 0x00000006cf800000|  0%| F|  |TAMS 0x00000006cf700000, 0x00000006cf700000| Untracked 
| 248|0x00000006cf800000, 0x00000006cf800000, 0x00000006cf900000|  0%| F|  |TAMS 0x00000006cf800000, 0x00000006cf800000| Untracked 
| 249|0x00000006cf900000, 0x00000006cf900000, 0x00000006cfa00000|  0%| F|  |TAMS 0x00000006cf900000, 0x00000006cf900000| Untracked 
| 250|0x00000006cfa00000, 0x00000006cfa7b640, 0x00000006cfb00000| 48%| E|  |TAMS 0x00000006cfa00000, 0x00000006cfa00000| Complete 
| 251|0x00000006cfb00000, 0x00000006cfc00000, 0x00000006cfc00000|100%| E|CS|TAMS 0x00000006cfb00000, 0x00000006cfb00000| Complete 
| 252|0x00000006cfc00000, 0x00000006cfd00000, 0x00000006cfd00000|100%| E|CS|TAMS 0x00000006cfc00000, 0x00000006cfc00000| Complete 
| 253|0x00000006cfd00000, 0x00000006cfe00000, 0x00000006cfe00000|100%| E|CS|TAMS 0x00000006cfd00000, 0x00000006cfd00000| Complete 
| 254|0x00000006cfe00000, 0x00000006cff00000, 0x00000006cff00000|100%| E|CS|TAMS 0x00000006cfe00000, 0x00000006cfe00000| Complete 
| 255|0x00000006cff00000, 0x00000006d0000000, 0x00000006d0000000|100%| E|CS|TAMS 0x00000006cff00000, 0x00000006cff00000| Complete 

Card table byte_map: [0x0000000114d84000,0x0000000115584000] _byte_map_base: 0x0000000111784000

Marking Bits (Prev, Next): (CMBitMap*) 0x000000012d02f818, (CMBitMap*) 0x000000012d02f850
 Prev Bits: [0x0000000115d84000, 0x0000000119d84000)
 Next Bits: [0x0000000119d84000, 0x000000011dd84000)

Polling page: 0x0000000100978000

Metaspace:

Usage:
  Non-class:      6.31 MB capacity,     6.29 MB (>99%) used,    19.01 KB ( <1%) free+waste,     4.69 KB ( <1%) overhead. 
      Class:    675.00 KB capacity,   635.13 KB ( 94%) used,    37.68 KB (  6%) free+waste,     2.19 KB ( <1%) overhead. 
       Both:      6.97 MB capacity,     6.91 MB (>99%) used,    56.69 KB ( <1%) free+waste,     6.88 KB ( <1%) overhead. 

Virtual space:
  Non-class space:        8.00 MB reserved,       6.50 MB ( 81%) committed 
      Class space:        1.00 GB reserved,     768.00 KB ( <1%) committed 
             Both:        1.01 GB reserved,       7.25 MB ( <1%) committed 

Chunk freelists:
   Non-Class:  0 bytes
       Class:  29.00 KB
        Both:  29.00 KB

MaxMetaspaceSize: unlimited
CompressedClassSpaceSize: 1.00 GB

CodeHeap 'non-profiled nmethods': size=120032Kb used=83Kb max_used=83Kb free=119948Kb
 bounds [0x000000010d84c000, 0x000000010dabc000, 0x0000000114d84000]
CodeHeap 'profiled nmethods': size=120016Kb used=587Kb max_used=587Kb free=119428Kb
 bounds [0x0000000106318000, 0x0000000106588000, 0x000000010d84c000]
CodeHeap 'non-nmethods': size=5712Kb used=990Kb max_used=1002Kb free=4722Kb
 bounds [0x0000000105d84000, 0x0000000105ff4000, 0x0000000106318000]
 total_blobs=685 nmethods=339 adapters=262
 compilation: enabled
              stopped_count=0, restarted_count=0
 full_count=0

Compilation events (20 events):
Event: 0.125 Thread 0x000000012d83e800 nmethod 324 0x000000010639c010 code [0x000000010639c5c0, 0x000000010639e810]
Event: 0.125 Thread 0x000000012d83e800  326       3       sun.util.locale.StringTokenIterator::nextDelimiter (116 bytes)
Event: 0.125 Thread 0x000000012d83e800 nmethod 326 0x000000010639f690 code [0x000000010639fac0, 0x00000001063a10b0]
Event: 0.125 Thread 0x000000012d83e800  327       3       sun.util.locale.LocaleUtils::isAlphaString (33 bytes)
Event: 0.126 Thread 0x000000012d83e800 nmethod 327 0x00000001063a1a10 code [0x00000001063a1cc0, 0x00000001063a2670]
Event: 0.126 Thread 0x000000012d83e800  328       3       sun.util.locale.StringTokenIterator::next (74 bytes)
Event: 0.126 Thread 0x000000012d83e800 nmethod 328 0x00000001063a2a90 code [0x00000001063a2cc0, 0x00000001063a3230]
Event: 0.126 Thread 0x000000012d83e800  329       3       sun.util.locale.StringTokenIterator::hasNext (20 bytes)
Event: 0.126 Thread 0x000000012d83e800 nmethod 329 0x00000001063a3410 code [0x00000001063a3600, 0x00000001063a3910]
Event: 0.126 Thread 0x000000012d83e800  321       3       sun.util.locale.LocaleUtils::isEmpty (19 bytes)
Event: 0.126 Thread 0x000000012d83e800 nmethod 321 0x00000001063a3a90 code [0x00000001063a3c40, 0x00000001063a3f00]
Event: 0.126 Thread 0x000000012d83e800  317       3       sun.util.locale.LocaleObjectCache$CacheEntry::<init> (12 bytes)
Event: 0.126 Thread 0x000000012d83e800 nmethod 317 0x00000001063a4010 code [0x00000001063a4200, 0x00000001063a4650]
Event: 0.126 Thread 0x000000012d83e800  320       3       sun.util.locale.BaseLocale::<init> (76 bytes)
Event: 0.126 Thread 0x000000012d83e800 nmethod 320 0x00000001063a4790 code [0x00000001063a4a00, 0x00000001063a51a0]
Event: 0.126 Thread 0x000000012d83e800  338       3       java.util.HashMap$HashIterator::nextNode (100 bytes)
Event: 0.126 Thread 0x000000012d83e800 nmethod 338 0x00000001063a5410 code [0x00000001063a5640, 0x00000001063a5bf0]
Event: 0.126 Thread 0x000000012d83e800  322       3       sun.util.locale.InternalLocaleBuilder::clearExtensions (50 bytes)
Event: 0.126 Thread 0x000000012d83e800 nmethod 322 0x00000001063a5e10 code [0x00000001063a6000, 0x00000001063a6520]
Event: 0.126 Thread 0x000000012d83e800  323       3       sun.util.locale.BaseLocale$Key::<init> (106 bytes)

GC Heap History (0 events):
No events

Deoptimization events (0 events):
No events

Classes redefined (0 events):
No events

Internal exceptions (1 events):
Event: 0.126 Thread 0x000000012d809000 Implicit null exception at 0x000000010d856138 to 0x0000000000000000

Events (20 events):
Event: 0.120 loading class java/util/spi/TimeZoneNameProvider
Event: 0.120 loading class java/util/spi/TimeZoneNameProvider done
Event: 0.120 loading class sun/util/locale/provider/CalendarDataUtility$CalendarWeekParameterGetter
Event: 0.121 loading class sun/util/locale/provider/LocaleServiceProviderPool$LocalizedObjectGetter
Event: 0.121 loading class sun/util/locale/provider/LocaleServiceProviderPool$LocalizedObjectGetter done
Event: 0.121 loading class sun/util/locale/provider/CalendarDataUtility$CalendarWeekParameterGetter done
Event: 0.121 loading class java/util/ResourceBundle$NoFallbackControl
Event: 0.121 loading class java/util/ResourceBundle$SingleFormatControl
Event: 0.121 loading class java/util/ResourceBundle$SingleFormatControl done
Event: 0.121 loading class java/util/ResourceBundle$NoFallbackControl done
Event: 0.121 loading class java/util/LinkedList
Event: 0.121 loading class java/util/AbstractSequentialList
Event: 0.121 loading class java/util/AbstractSequentialList done
Event: 0.121 loading class java/util/LinkedList done
Event: 0.121 loading class java/util/LinkedList$Node
Event: 0.121 loading class java/util/LinkedList$Node done
Event: 0.121 loading class sun/util/cldr/CLDRCalendarDataProviderImpl
Event: 0.121 loading class sun/util/locale/provider/CalendarDataProviderImpl
Event: 0.121 loading class sun/util/locale/provider/CalendarDataProviderImpl done
Event: 0.121 loading class sun/util/cldr/CLDRCalendarDataProviderImpl done


Dynamic libraries:
0x0000000100920000 	/Applications/Android Studio.app/Contents/jre/Contents/Home/lib/jli/libjli.dylib
0x000000019ea06000 	/System/Library/Frameworks/Cocoa.framework/Versions/A/Cocoa
0x000000018ab52000 	/System/Library/Frameworks/AppKit.framework/Versions/C/AppKit
0x000000018e054000 	/System/Library/Frameworks/CoreData.framework/Versions/A/CoreData
0x0000000188ebd000 	/System/Library/Frameworks/Foundation.framework/Versions/C/Foundation
0x0000000192a42000 	/usr/lib/libSystem.B.dylib
0x000000018b9fa000 	/System/Library/PrivateFrameworks/UIFoundation.framework/Versions/A/UIFoundation
0x0000000198d11000 	/System/Library/PrivateFrameworks/RemoteViewServices.framework/Versions/A/RemoteViewServices
0x0000000190f49000 	/System/Library/PrivateFrameworks/XCTTargetBootstrap.framework/Versions/A/XCTTargetBootstrap
0x000000019476b000 	/System/Library/PrivateFrameworks/InternationalSupport.framework/Versions/A/InternationalSupport
0x00000001947f4000 	/System/Library/PrivateFrameworks/UserActivity.framework/Versions/A/UserActivity
0x0000000193c94000 	/usr/lib/libspindump.dylib
0x000000018bc6a000 	/System/Library/Frameworks/UniformTypeIdentifiers.framework/Versions/A/UniformTypeIdentifiers
0x000000018f42e000 	/usr/lib/libapp_launch_measurement.dylib
0x000000018f431000 	/System/Library/PrivateFrameworks/CoreAutoLayout.framework/Versions/A/CoreAutoLayout
0x000000019079a000 	/System/Library/Frameworks/Metal.framework/Versions/A/Metal
0x0000000191596000 	/usr/lib/liblangid.dylib
0x0000000190f4d000 	/System/Library/PrivateFrameworks/CoreSVG.framework/Versions/A/CoreSVG
0x000000018d124000 	/System/Library/PrivateFrameworks/SkyLight.framework/Versions/A/SkyLight
0x000000018d4dd000 	/System/Library/Frameworks/CoreGraphics.framework/Versions/A/CoreGraphics
0x0000000199387000 	/System/Library/Frameworks/Accelerate.framework/Versions/A/Accelerate
0x00000001936e2000 	/System/Library/PrivateFrameworks/IconServices.framework/Versions/A/IconServices
0x000000019077c000 	/System/Library/Frameworks/IOSurface.framework/Versions/A/IOSurface
0x000000018e9df000 	/usr/lib/libDiagnosticMessagesClient.dylib
0x0000000192992000 	/usr/lib/libz.1.dylib
0x000000019c7f4000 	/System/Library/Frameworks/ApplicationServices.framework/Versions/A/ApplicationServices
0x0000000190f31000 	/System/Library/PrivateFrameworks/DFRFoundation.framework/Versions/A/DFRFoundation
0x000000018a3f2000 	/usr/lib/libicucore.A.dylib
0x0000000195958000 	/System/Library/Frameworks/AudioToolbox.framework/Versions/A/AudioToolbox
0x0000000194777000 	/System/Library/PrivateFrameworks/DataDetectorsCore.framework/Versions/A/DataDetectorsCore
0x000000018d09c000 	/usr/lib/libMobileGestalt.dylib
0x0000000190c01000 	/System/Library/Frameworks/Carbon.framework/Versions/A/Frameworks/HIToolbox.framework/Versions/A/HIToolbox
0x000000018ee3c000 	/System/Library/Frameworks/QuartzCore.framework/Versions/A/QuartzCore
0x000000018a072000 	/System/Library/Frameworks/Security.framework/Versions/A/Security
0x0000000198d51000 	/System/Library/Frameworks/Carbon.framework/Versions/A/Frameworks/SpeechRecognition.framework/Versions/A/SpeechRecognition
0x000000018f186000 	/System/Library/PrivateFrameworks/CoreUI.framework/Versions/A/CoreUI
0x000000018994b000 	/System/Library/Frameworks/CoreAudio.framework/Versions/A/CoreAudio
0x000000018eacf000 	/System/Library/Frameworks/DiskArbitration.framework/Versions/A/DiskArbitration
0x0000000194077000 	/System/Library/PrivateFrameworks/MultitouchSupport.framework/Versions/A/MultitouchSupport
0x000000018d09a000 	/usr/lib/libenergytrace.dylib
0x000000018aa1e000 	/System/Library/Frameworks/IOKit.framework/Versions/A/IOKit
0x0000000199138000 	/System/Library/Frameworks/CoreServices.framework/Versions/A/CoreServices
0x000000018f3be000 	/System/Library/PrivateFrameworks/PerformanceAnalysis.framework/Versions/A/PerformanceAnalysis
0x00000001e84d5000 	/System/Library/Frameworks/OpenGL.framework/Versions/A/OpenGL
0x000000019200e000 	/System/Library/PrivateFrameworks/MobileKeyBag.framework/Versions/A/MobileKeyBag
0x0000000187e0a000 	/usr/lib/libobjc.A.dylib
0x000000018daed000 	/System/Library/Frameworks/ColorSync.framework/Versions/A/ColorSync
0x0000000187fcc000 	/System/Library/Frameworks/CoreFoundation.framework/Versions/A/CoreFoundation
0x00000001911cb000 	/System/Library/Frameworks/CoreImage.framework/Versions/A/CoreImage
0x000000018976f000 	/System/Library/Frameworks/CoreText.framework/Versions/A/CoreText
0x0000000190f7d000 	/System/Library/Frameworks/ImageIO.framework/Versions/A/ImageIO
0x0000000192a48000 	/System/Library/PrivateFrameworks/SoftLinking.framework/Versions/A/SoftLinking
0x000000018f47b000 	/usr/lib/libxml2.2.dylib
0x0000000187eca000 	/usr/lib/libc++.1.dylib
0x0000000192ce0000 	/usr/lib/libcompression.dylib
0x00000001946c4000 	/System/Library/PrivateFrameworks/TextureIO.framework/Versions/A/TextureIO
0x00000001933fe000 	/usr/lib/libate.dylib
0x0000000192a3c000 	/usr/lib/system/libcache.dylib
0x00000001929fa000 	/usr/lib/system/libcommonCrypto.dylib
0x0000000192a23000 	/usr/lib/system/libcompiler_rt.dylib
0x0000000192a1a000 	/usr/lib/system/libcopyfile.dylib
0x0000000187d1e000 	/usr/lib/system/libcorecrypto.dylib
0x0000000187dc3000 	/usr/lib/system/libdispatch.dylib
0x0000000187f8b000 	/usr/lib/system/libdyld.dylib
0x0000000192a32000 	/usr/lib/system/libkeymgr.dylib
0x00000001929dc000 	/usr/lib/system/libmacho.dylib
0x00000001920ee000 	/usr/lib/system/libquarantine.dylib
0x0000000192a2f000 	/usr/lib/system/libremovefile.dylib
0x000000018d0f1000 	/usr/lib/system/libsystem_asl.dylib
0x0000000187cc8000 	/usr/lib/system/libsystem_blocks.dylib
0x0000000187e49000 	/usr/lib/system/libsystem_c.dylib
0x0000000192a27000 	/usr/lib/system/libsystem_collections.dylib
0x0000000191586000 	/usr/lib/system/libsystem_configuration.dylib
0x000000019075d000 	/usr/lib/system/libsystem_containermanager.dylib
0x0000000192749000 	/usr/lib/system/libsystem_coreservices.dylib
0x000000018a69d000 	/usr/lib/system/libsystem_darwin.dylib
0x0000000192a33000 	/usr/lib/system/libsystem_dnssd.dylib
0x0000000187e46000 	/usr/lib/system/libsystem_featureflags.dylib
0x0000000187fa0000 	/usr/lib/system/libsystem_info.dylib
0x00000001929a4000 	/usr/lib/system/libsystem_m.dylib
0x0000000187d98000 	/usr/lib/system/libsystem_malloc.dylib
0x000000018d082000 	/usr/lib/system/libsystem_networkextension.dylib
0x000000018aaf3000 	/usr/lib/system/libsystem_notify.dylib
0x0000000199017000 	/usr/lib/system/libsystem_product_info_filter.dylib
0x000000019158b000 	/usr/lib/system/libsystem_sandbox.dylib
0x0000000192a2c000 	/usr/lib/system/libsystem_secinit.dylib
0x0000000187f48000 	/usr/lib/system/libsystem_kernel.dylib
0x0000000187f98000 	/usr/lib/system/libsystem_platform.dylib
0x0000000187f7e000 	/usr/lib/system/libsystem_pthread.dylib
0x000000018e80b000 	/usr/lib/system/libsystem_symptoms.dylib
0x0000000187d04000 	/usr/lib/system/libsystem_trace.dylib
0x0000000192a07000 	/usr/lib/system/libunwind.dylib
0x0000000187cca000 	/usr/lib/system/libxpc.dylib
0x0000000187f2e000 	/usr/lib/libc++abi.dylib
0x0000000192a12000 	/usr/lib/liboah.dylib
0x00000001932c6000 	/usr/lib/liblzma.5.dylib
0x0000000188baf000 	/System/Library/Frameworks/SystemConfiguration.framework/Versions/A/SystemConfiguration
0x0000000192a44000 	/usr/lib/libfakelink.dylib
0x000000018cbca000 	/System/Library/Frameworks/CFNetwork.framework/Versions/A/CFNetwork
0x0000000192b8b000 	/usr/lib/libarchive.2.dylib
0x0000000192118000 	/usr/lib/libbsm.0.dylib
0x000000018c10a000 	/usr/lib/libnetwork.dylib
0x00000001929e2000 	/usr/lib/system/libkxld.dylib
0x0000000202dd0000 	/usr/lib/libCoreEntitlements.dylib
0x000000019272b000 	/System/Library/PrivateFrameworks/AppleFSCompression.framework/Versions/A/AppleFSCompression
0x0000000192101000 	/usr/lib/libcoretls.dylib
0x00000001932df000 	/usr/lib/libcoretls_cfhelpers.dylib
0x0000000192cdb000 	/usr/lib/libpam.2.dylib
0x000000018e435000 	/usr/lib/libsqlite3.dylib
0x0000000193347000 	/usr/lib/libxar.1.dylib
0x0000000191592000 	/System/Library/PrivateFrameworks/AppleSystemInfo.framework/Versions/A/AppleSystemInfo
0x0000000191d33000 	/System/Library/PrivateFrameworks/IOMobileFramebuffer.framework/Versions/A/IOMobileFramebuffer
0x000000019273c000 	/usr/lib/libbz2.1.0.dylib
0x0000000192a49000 	/usr/lib/libpcap.A.dylib
0x000000018e802000 	/usr/lib/libdns_services.dylib
0x0000000192cae000 	/usr/lib/libapple_nghttp2.dylib
0x0000000192a86000 	/usr/lib/libiconv.2.dylib
0x00000001929db000 	/usr/lib/libcharset.1.dylib
0x000000018f3fa000 	/System/Library/Frameworks/CoreServices.framework/Versions/A/Frameworks/FSEvents.framework/Versions/A/FSEvents
0x000000018a6a8000 	/System/Library/Frameworks/CoreServices.framework/Versions/A/Frameworks/CarbonCore.framework/Versions/A/CarbonCore
0x000000018ea32000 	/System/Library/Frameworks/CoreServices.framework/Versions/A/Frameworks/Metadata.framework/Versions/A/Metadata
0x000000019274f000 	/System/Library/Frameworks/CoreServices.framework/Versions/A/Frameworks/OSServices.framework/Versions/A/OSServices
0x0000000192c10000 	/System/Library/Frameworks/CoreServices.framework/Versions/A/Frameworks/SearchKit.framework/Versions/A/SearchKit
0x000000018e790000 	/System/Library/Frameworks/CoreServices.framework/Versions/A/Frameworks/AE.framework/Versions/A/AE
0x0000000188510000 	/System/Library/Frameworks/CoreServices.framework/Versions/A/Frameworks/LaunchServices.framework/Versions/A/LaunchServices
0x000000019326f000 	/System/Library/Frameworks/CoreServices.framework/Versions/A/Frameworks/DictionaryServices.framework/Versions/A/DictionaryServices
0x000000018f407000 	/System/Library/Frameworks/CoreServices.framework/Versions/A/Frameworks/SharedFileList.framework/Versions/A/SharedFileList
0x00000001920f1000 	/usr/lib/libCheckFix.dylib
0x000000018d109000 	/System/Library/PrivateFrameworks/TCC.framework/Versions/A/TCC
0x0000000191598000 	/System/Library/PrivateFrameworks/CoreNLP.framework/Versions/A/CoreNLP
0x000000018e9e2000 	/System/Library/PrivateFrameworks/MetadataUtilities.framework/Versions/A/MetadataUtilities
0x0000000188c67000 	/usr/lib/libmecabra.dylib
0x0000000192129000 	/usr/lib/libmecab.dylib
0x0000000188c33000 	/usr/lib/libCRFSuite.dylib
0x0000000192187000 	/usr/lib/libgermantok.dylib
0x0000000192c87000 	/usr/lib/libThaiTokenizer.dylib
0x000000018ead7000 	/System/Library/Frameworks/Accelerate.framework/Versions/A/Frameworks/vImage.framework/Versions/A/vImage
0x000000019910f000 	/System/Library/Frameworks/Accelerate.framework/Versions/A/Frameworks/vecLib.framework/Versions/A/vecLib
0x000000019338b000 	/System/Library/Frameworks/Accelerate.framework/Versions/A/Frameworks/vecLib.framework/Versions/A/libvMisc.dylib
0x0000000191c3d000 	/System/Library/Frameworks/Accelerate.framework/Versions/A/Frameworks/vecLib.framework/Versions/A/libvDSP.dylib
0x000000018888e000 	/System/Library/Frameworks/Accelerate.framework/Versions/A/Frameworks/vecLib.framework/Versions/A/libBLAS.dylib
0x0000000192daf000 	/System/Library/Frameworks/Accelerate.framework/Versions/A/Frameworks/vecLib.framework/Versions/A/libLAPACK.dylib
0x000000019218a000 	/System/Library/Frameworks/Accelerate.framework/Versions/A/Frameworks/vecLib.framework/Versions/A/libLinearAlgebra.dylib
0x0000000192cc6000 	/System/Library/Frameworks/Accelerate.framework/Versions/A/Frameworks/vecLib.framework/Versions/A/libSparseBLAS.dylib
0x0000000192daa000 	/System/Library/Frameworks/Accelerate.framework/Versions/A/Frameworks/vecLib.framework/Versions/A/libQuadrature.dylib
0x000000019168f000 	/System/Library/Frameworks/Accelerate.framework/Versions/A/Frameworks/vecLib.framework/Versions/A/libBNNS.dylib
0x0000000188b4c000 	/System/Library/Frameworks/Accelerate.framework/Versions/A/Frameworks/vecLib.framework/Versions/A/libSparse.dylib
0x000000018e9af000 	/System/Library/PrivateFrameworks/CoreAnalytics.framework/Versions/A/CoreAnalytics
0x0000000191687000 	/System/Library/PrivateFrameworks/LinguisticData.framework/Versions/A/LinguisticData
0x0000000188b02000 	/System/Library/PrivateFrameworks/Lexicon.framework/Versions/A/Lexicon
0x0000000193383000 	/usr/lib/libChineseTokenizer.dylib
0x00000001892a9000 	/System/Library/PrivateFrameworks/LanguageModeling.framework/Versions/A/LanguageModeling
0x0000000192c89000 	/System/Library/PrivateFrameworks/AppleSauce.framework/Versions/A/AppleSauce
0x0000000191d20000 	/System/Library/PrivateFrameworks/CoreEmoji.framework/Versions/A/CoreEmoji
0x0000000192b79000 	/usr/lib/libcmph.dylib
0x000000018f3da000 	/System/Library/Frameworks/OpenDirectory.framework/Versions/A/Frameworks/CFOpenDirectory.framework/Versions/A/CFOpenDirectory
0x000000018f3ca000 	/System/Library/Frameworks/OpenDirectory.framework/Versions/A/OpenDirectory
0x00000001932e1000 	/System/Library/PrivateFrameworks/APFS.framework/Versions/A/APFS
0x0000000192049000 	/System/Library/Frameworks/SecurityFoundation.framework/Versions/A/SecurityFoundation
0x0000000193355000 	/usr/lib/libutil.dylib
0x000000018a9e1000 	/System/Library/PrivateFrameworks/CoreServicesStore.framework/Versions/A/CoreServicesStore
0x0000000193359000 	/usr/lib/libxslt.1.dylib
0x00000001920dd000 	/System/Library/PrivateFrameworks/BackgroundTaskManagement.framework/Versions/A/BackgroundTaskManagement
0x00000001945e5000 	/System/Library/Frameworks/ImageIO.framework/Versions/A/Resources/libRadiance.dylib
0x00000001945ee000 	/System/Library/Frameworks/ImageIO.framework/Versions/A/Resources/libJPEG.dylib
0x0000000194540000 	/System/Library/Frameworks/ImageIO.framework/Versions/A/Resources/libPng.dylib
0x0000000194562000 	/System/Library/Frameworks/ImageIO.framework/Versions/A/Resources/libTIFF.dylib
0x0000000194649000 	/System/Library/Frameworks/ImageIO.framework/Versions/A/Resources/libGIF.dylib
0x0000000193f87000 	/System/Library/Frameworks/ImageIO.framework/Versions/A/Resources/libJP2.dylib
0x00000001936a8000 	/usr/lib/libexpat.1.dylib
0x0000000193f42000 	/System/Library/PrivateFrameworks/AppleJPEG.framework/Versions/A/AppleJPEG
0x0000000190ac0000 	/System/Library/PrivateFrameworks/FontServices.framework/libFontParser.dylib
0x000000018e735000 	/System/Library/PrivateFrameworks/RunningBoardServices.framework/Versions/A/RunningBoardServices
0x000000019f069000 	/System/Library/PrivateFrameworks/IOSurfaceAccelerator.framework/Versions/A/IOSurfaceAccelerator
0x0000000194073000 	/System/Library/PrivateFrameworks/WatchdogClient.framework/Versions/A/WatchdogClient
0x00000001893ad000 	/System/Library/Frameworks/CoreDisplay.framework/Versions/A/CoreDisplay
0x00000001908fc000 	/System/Library/Frameworks/CoreMedia.framework/Versions/A/CoreMedia
0x0000000190790000 	/System/Library/PrivateFrameworks/IOAccelerator.framework/Versions/A/IOAccelerator
0x000000018f568000 	/System/Library/Frameworks/CoreVideo.framework/Versions/A/CoreVideo
0x0000000192cd9000 	/System/Library/Frameworks/MetalPerformanceShaders.framework/Versions/A/MetalPerformanceShaders
0x00000001940b0000 	/System/Library/Frameworks/VideoToolbox.framework/Versions/A/VideoToolbox
0x000000018e67b000 	/System/Library/PrivateFrameworks/BaseBoard.framework/Versions/A/BaseBoard
0x000000018e41a000 	/System/Library/PrivateFrameworks/ProtocolBuffer.framework/Versions/A/ProtocolBuffer
0x00000001945e0000 	/System/Library/PrivateFrameworks/GPUWrangler.framework/Versions/A/GPUWrangler
0x00000001945bf000 	/System/Library/PrivateFrameworks/IOPresentment.framework/Versions/A/IOPresentment
0x00000001945e8000 	/System/Library/PrivateFrameworks/DSExternalDisplay.framework/Versions/A/DSExternalDisplay
0x00000001e84c8000 	/System/Library/Frameworks/OpenGL.framework/Versions/A/Libraries/libCoreFSCache.dylib
0x00000001f1a37000 	/System/Library/PrivateFrameworks/GPUCompiler.framework/Versions/31001/Libraries/libGPUCompilerUtils.dylib
0x000000019464e000 	/System/Library/PrivateFrameworks/CMCaptureCore.framework/Versions/A/CMCaptureCore
0x0000000193c82000 	/System/Library/PrivateFrameworks/AppServerSupport.framework/Versions/A/AppServerSupport
0x000000019620f000 	/System/Library/PrivateFrameworks/perfdata.framework/Versions/A/perfdata
0x00000001894cd000 	/System/Library/PrivateFrameworks/AudioToolboxCore.framework/Versions/A/AudioToolboxCore
0x00000001908d4000 	/System/Library/PrivateFrameworks/caulk.framework/Versions/A/caulk
0x0000000195b05000 	/usr/lib/libAudioStatistics.dylib
0x00000001a7374000 	/System/Library/PrivateFrameworks/SystemPolicy.framework/Versions/A/SystemPolicy
0x0000000195d64000 	/usr/lib/libSMC.dylib
0x000000019e8e8000 	/System/Library/Frameworks/CoreMIDI.framework/Versions/A/CoreMIDI
0x000000019450e000 	/usr/lib/libAudioToolboxUtility.dylib
0x00000001a365d000 	/System/Library/PrivateFrameworks/OSAServicesClient.framework/Versions/A/OSAServicesClient
0x000000019621c000 	/usr/lib/libperfcheck.dylib
0x00000001a7e71000 	/usr/lib/libmis.dylib
0x00000001e8529000 	/System/Library/Frameworks/OpenGL.framework/Versions/A/Libraries/libGLU.dylib
0x00000001e84e8000 	/System/Library/Frameworks/OpenGL.framework/Versions/A/Libraries/libGFXShared.dylib
0x00000001e86d0000 	/System/Library/Frameworks/OpenGL.framework/Versions/A/Libraries/libGL.dylib
0x00000001e84f1000 	/System/Library/Frameworks/OpenGL.framework/Versions/A/Libraries/libGLImage.dylib
0x00000001e84e5000 	/System/Library/Frameworks/OpenGL.framework/Versions/A/Libraries/libCVMSPluginSupport.dylib
0x00000001e84cf000 	/System/Library/Frameworks/OpenGL.framework/Versions/A/Libraries/libCoreVMClient.dylib
0x0000000191514000 	/System/Library/Frameworks/MetalPerformanceShaders.framework/Versions/A/Frameworks/MPSCore.framework/Versions/A/MPSCore
0x000000019269e000 	/System/Library/Frameworks/MetalPerformanceShaders.framework/Versions/A/Frameworks/MPSImage.framework/Versions/A/MPSImage
0x000000019219f000 	/System/Library/Frameworks/MetalPerformanceShaders.framework/Versions/A/Frameworks/MPSNeuralNetwork.framework/Versions/A/MPSNeuralNetwork
0x00000001925dc000 	/System/Library/Frameworks/MetalPerformanceShaders.framework/Versions/A/Frameworks/MPSMatrix.framework/Versions/A/MPSMatrix
0x00000001923b7000 	/System/Library/Frameworks/MetalPerformanceShaders.framework/Versions/A/Frameworks/MPSRayIntersector.framework/Versions/A/MPSRayIntersector
0x000000019260d000 	/System/Library/Frameworks/MetalPerformanceShaders.framework/Versions/A/Frameworks/MPSNDArray.framework/Versions/A/MPSNDArray
0x00000001ea120000 	/System/Library/Frameworks/MetalPerformanceShaders.framework/Versions/A/Frameworks/MPSFunctions.framework/Versions/A/MPSFunctions
0x000000018876c000 	/System/Library/PrivateFrameworks/MetalTools.framework/Versions/A/MetalTools
0x0000000191590000 	/System/Library/PrivateFrameworks/AggregateDictionary.framework/Versions/A/AggregateDictionary
0x0000000193490000 	/usr/lib/libIOReport.dylib
0x000000019d8e8000 	/System/Library/PrivateFrameworks/ASEProcessing.framework/Versions/A/ASEProcessing
0x0000000193828000 	/System/Library/PrivateFrameworks/FaceCore.framework/Versions/A/FaceCore
0x000000019381a000 	/System/Library/PrivateFrameworks/GraphVisualizer.framework/Versions/A/GraphVisualizer
0x00000001f195e000 	/System/Library/PrivateFrameworks/FontServices.framework/Versions/A/FontServices
0x0000000193c3d000 	/System/Library/PrivateFrameworks/OTSVG.framework/Versions/A/OTSVG
0x000000018f137000 	/System/Library/Frameworks/ApplicationServices.framework/Versions/A/Frameworks/ATS.framework/Versions/A/Resources/libFontRegistry.dylib
0x0000000193c8b000 	/System/Library/PrivateFrameworks/FontServices.framework/libhvf.dylib
0x00000001f195f000 	/System/Library/PrivateFrameworks/FontServices.framework/libXTFontStaticRegistryData.dylib
0x00000001e8872000 	/System/Library/Frameworks/OpenCL.framework/Versions/A/OpenCL
0x000000019365c000 	/System/Library/PrivateFrameworks/AppleVA.framework/Versions/A/AppleVA
0x0000000195b2d000 	/System/Library/Frameworks/ApplicationServices.framework/Versions/A/Frameworks/ATS.framework/Versions/A/ATS
0x000000018dbe6000 	/System/Library/Frameworks/ApplicationServices.framework/Versions/A/Frameworks/HIServices.framework/Versions/A/HIServices
0x0000000194658000 	/System/Library/Frameworks/ApplicationServices.framework/Versions/A/Frameworks/PrintCore.framework/Versions/A/PrintCore
0x0000000195eb7000 	/System/Library/Frameworks/ApplicationServices.framework/Versions/A/Frameworks/QD.framework/Versions/A/QD
0x0000000195eaf000 	/System/Library/Frameworks/ApplicationServices.framework/Versions/A/Frameworks/ColorSyncLegacy.framework/Versions/A/ColorSyncLegacy
0x0000000195b19000 	/System/Library/Frameworks/ApplicationServices.framework/Versions/A/Frameworks/SpeechSynthesis.framework/Versions/A/SpeechSynthesis
0x0000000194619000 	/System/Library/Frameworks/ApplicationServices.framework/Versions/A/Frameworks/ATSUI.framework/Versions/A/ATSUI
0x0000000195e44000 	/usr/lib/libcups.2.dylib
0x000000019622a000 	/System/Library/Frameworks/Kerberos.framework/Versions/A/Kerberos
0x000000019623b000 	/System/Library/Frameworks/GSS.framework/Versions/A/GSS
0x0000000195b9c000 	/usr/lib/libresolv.9.dylib
0x0000000193c99000 	/System/Library/PrivateFrameworks/Heimdal.framework/Versions/A/Heimdal
0x000000019cb60000 	/System/Library/Frameworks/Kerberos.framework/Versions/A/Libraries/libHeimdalProxy.dylib
0x000000018e814000 	/System/Library/Frameworks/Network.framework/Versions/A/Network
0x00000001936c3000 	/usr/lib/libheimdal-asn1.dylib
0x0000000196281000 	/System/Library/PrivateFrameworks/CommonAuth.framework/Versions/A/CommonAuth
0x0000000195a93000 	/System/Library/PrivateFrameworks/AudioSession.framework/Versions/A/AudioSession
0x0000000193753000 	/System/Library/PrivateFrameworks/MediaExperience.framework/Versions/A/MediaExperience
0x000000019591e000 	/System/Library/PrivateFrameworks/AudioSession.framework/libSessionUtility.dylib
0x0000000195ec3000 	/System/Library/PrivateFrameworks/AudioResourceArbitration.framework/Versions/A/AudioResourceArbitration
0x00000001936cc000 	/System/Library/PrivateFrameworks/IconFoundation.framework/Versions/A/IconFoundation
0x0000000198d3d000 	/System/Library/PrivateFrameworks/SpeechRecognitionCore.framework/Versions/A/SpeechRecognitionCore
0x0000000101688000 	/Applications/Android Studio.app/Contents/jre/Contents/Home/lib/server/libjvm.dylib
0x0000000100990000 	/Applications/Android Studio.app/Contents/jre/Contents/Home/lib/libverify.dylib
0x0000000100ab0000 	/Applications/Android Studio.app/Contents/jre/Contents/Home/lib/libjava.dylib
0x00000001009a8000 	/Applications/Android Studio.app/Contents/jre/Contents/Home/lib/libjimage.dylib
0x0000000100a94000 	/Applications/Android Studio.app/Contents/jre/Contents/Home/lib/libzip.dylib
0x00000001015e4000 	/Applications/Android Studio.app/Contents/jre/Contents/Home/lib/libnio.dylib
0x0000000101624000 	/Applications/Android Studio.app/Contents/jre/Contents/Home/lib/libnet.dylib


VM Arguments:
java_command: org.jetbrains.git4idea.http.GitAskPassApp Password for 'https://Spikeysanju@github.com': 
java_class_path (initial): /Applications/Android Studio.app/Contents/plugins/git4idea/lib/git4idea-rt.jar:/Applications/Android Studio.app/Contents/lib/xmlrpc-2.0.1.jar:/Applications/Android Studio.app/Contents/lib/commons-codec-1.14.jar
Launcher Type: SUN_STANDARD

[Global flags]
     intx CICompilerCount                          = 4                                         {product} {ergonomic}
     uint ConcGCThreads                            = 2                                         {product} {ergonomic}
     uint G1ConcRefinementThreads                  = 8                                         {product} {ergonomic}
   size_t G1HeapRegionSize                         = 1048576                                   {product} {ergonomic}
    uintx GCDrainStackTargetSize                   = 64                                        {product} {ergonomic}
   size_t InitialHeapSize                          = 268435456                                 {product} {ergonomic}
   size_t MarkStackSize                            = 4194304                                   {product} {ergonomic}
   size_t MaxHeapSize                              = 4294967296                                {product} {ergonomic}
   size_t MaxNewSize                               = 2576351232                                {product} {ergonomic}
   size_t MinHeapDeltaBytes                        = 1048576                                   {product} {ergonomic}
    uintx NonNMethodCodeHeapSize                   = 5836492                                {pd product} {ergonomic}
    uintx NonProfiledCodeHeapSize                  = 122910874                              {pd product} {ergonomic}
    uintx ProfiledCodeHeapSize                     = 122910874                              {pd product} {ergonomic}
    uintx ReservedCodeCacheSize                    = 251658240                              {pd product} {ergonomic}
     bool SegmentedCodeCache                       = true                                      {product} {ergonomic}
     bool UseCompressedClassPointers               = true                                 {lp64_product} {ergonomic}
     bool UseCompressedOops                        = true                                 {lp64_product} {ergonomic}
     bool UseG1GC                                  = true                                      {product} {ergonomic}

Logging:
Log output configuration:
 #0: stdout all=warning uptime,level,tags
 #1: stderr all=off uptime,level,tags

Environment Variables:
PATH=/Library/Developer/CommandLineTools/usr/libexec/git-core:/Library/Developer/CommandLineTools/usr/libexec/git-core:/opt/homebrew/bin:/opt/homebrew/sbin:/usr/local/bin:/usr/bin:/bin:/usr/sbin:/sbin:/Library/Apple/usr/bin
SHELL=/bin/zsh
DISPLAY=:0.0
LC_ALL=en_US.UTF-8
LC_CTYPE=en_IN.UTF-8

Signal Handlers:
SIGSEGV: [libjvm.dylib+0x7258f4], sa_mask[0]=11111111011111110111111111111111, sa_flags=SA_ONSTACK|SA_RESTART|SA_SIGINFO
SIGBUS: [libjvm.dylib+0x7258f4], sa_mask[0]=11111111011111110111111111111111, sa_flags=SA_RESTART|SA_SIGINFO
SIGFPE: [libjvm.dylib+0x7258f4], sa_mask[0]=11111111011111110111111111111111, sa_flags=SA_RESTART|SA_SIGINFO
SIGPIPE: [libjvm.dylib+0x5878f0], sa_mask[0]=11111111011111110111111111111111, sa_flags=SA_RESTART|SA_SIGINFO
SIGXFSZ: [libjvm.dylib+0x5878f0], sa_mask[0]=11111111011111110111111111111111, sa_flags=SA_RESTART|SA_SIGINFO
SIGILL: [libjvm.dylib+0x7258f4], sa_mask[0]=11111111011111110111111111111111, sa_flags=SA_RESTART|SA_SIGINFO
SIGUSR2: [libjvm.dylib+0x587ef0], sa_mask[0]=00100000000000000000000000000000, sa_flags=SA_RESTART|SA_SIGINFO
SIGHUP: [libjvm.dylib+0x5865f8], sa_mask[0]=11111111011111110111111111111111, sa_flags=SA_RESTART|SA_SIGINFO
SIGINT: [libjvm.dylib+0x5865f8], sa_mask[0]=11111111011111110111111111111111, sa_flags=SA_RESTART|SA_SIGINFO
SIGTERM: [libjvm.dylib+0x5865f8], sa_mask[0]=11111111011111110111111111111111, sa_flags=SA_RESTART|SA_SIGINFO
SIGQUIT: [libjvm.dylib+0x5865f8], sa_mask[0]=11111111011111110111111111111111, sa_flags=SA_RESTART|SA_SIGINFO


---------------  S Y S T E M  ---------------

OS:uname:Darwin 21.1.0 Darwin Kernel Version 21.1.0: Thu Aug 19 02:54:44 PDT 2021; root:xnu-8019.40.29~26/RELEASE_ARM64_T8101 arm64
OS uptime: 0 days 2:36 hours
rlimit (soft/hard): STACK 8176k/65520k , CORE 0k/infinity , NPROC 2666/4000 , NOFILE 10240/infinity , AS infinity/infinity , CPU infinity/infinity , DATA infinity/infinity , FSIZE infinity/infinity , MEMLOCK infinity/infinity , RSS infinity/infinity
load average:3.23 2.37 2.05

CPU:total 8 (initial active 8) 0x61:0x0:0x1b588bb3:0, simd, crc, lse

Memory: 16k page, physical 16777216k(66208k free), swap 0k(0k free)

vm_info: OpenJDK 64-Bit Server VM (11.0.10+0-b96-7249189) for bsd-aarch64 JRE (11.0.10+0-b96-7249189), built on Mar 31 2021 18:46:51 by "builder" with gcc Apple LLVM 12.0.0 (clang-1200.0.32.28)

END.
